#
# There is insufficient memory for the Java Runtime Environment to continue.
# Native memory allocation (malloc) failed to allocate 32744 bytes for ChunkPool::allocate
# Possible reasons:
#   The system is out of physical RAM or swap space
#   The process is running with CompressedOops enabled, and the Java Heap may be blocking the growth of the native heap
# Possible solutions:
#   Reduce memory load on the system
#   Increase physical memory or swap space
#   Check if swap backing store is full
#   Decrease Java heap size (-Xmx/-Xms)
#   Decrease number of Java threads
#   Decrease Java thread stack sizes (-Xss)
#   Set larger code cache with -XX:ReservedCodeCacheSize=
#   JVM is running with Unscaled Compressed Oops mode in which the Java heap is
#     placed in the first 4GB address space. The Java Heap base address is the
#     maximum limit for the native heap growth. Please use -XX:HeapBaseMinAddress
#     to set the Java Heap base and to place the Java Heap above 4GB virtual address.
# This output file may be truncated or incomplete.
#
#  Out of Memory Error (./src/hotspot/share/memory/arena.cpp:81), pid=21648, tid=17548
#
# JRE version: OpenJDK Runtime Environment 18.9 (11.0.15+10) (build 11.0.15+10)
# Java VM: OpenJDK 64-Bit Server VM 18.9 (11.0.15+10, mixed mode, tiered, compressed oops, g1 gc, windows-amd64)
# No core dump will be written. Minidumps are not enabled by default on client versions of Windows
#

---------------  S U M M A R Y ------------

Command Line: -XX:MaxMetaspaceSize=512m --add-opens=java.base/java.util=ALL-UNNAMED --add-opens=java.base/java.lang=ALL-UNNAMED --add-opens=java.base/java.lang.invoke=ALL-UNNAMED --add-opens=java.prefs/java.util.prefs=ALL-UNNAMED --add-opens=java.base/java.nio.charset=ALL-UNNAMED --add-opens=java.base/java.net=ALL-UNNAMED --add-opens=java.base/java.util.concurrent.atomic=ALL-UNNAMED -Xmx2048m -Dfile.encoding=windows-1252 -Duser.country=PH -Duser.language=en -Duser.variant org.gradle.launcher.daemon.bootstrap.GradleDaemon 8.0.1

Host: AMD Ryzen 7 5700U with Radeon Graphics         , 16 cores, 7G,  Windows 10 , 64 bit Build 19041 (10.0.19041.3155)
Time: Wed Aug 23 20:06:41 2023 Malay Peninsula Standard Time elapsed time: 50.395013 seconds (0d 0h 0m 50s)

---------------  T H R E A D  ---------------

Current thread (0x000001ce96b78800):  VMThread "VM Thread" [stack: 0x0000001de5700000,0x0000001de5800000] [id=17548] _threads_hazard_ptr=0x000001ce98c2a6e0

Stack: [0x0000001de5700000,0x0000001de5800000]
[error occurred during error reporting (printing stack bounds), id 0xc0000005, EXCEPTION_ACCESS_VIOLATION (0xc0000005) at pc=0x000001ce8000112d]

Native frames: (J=compiled Java code, j=interpreted, Vv=VM code, C=native code)
V  [jvm.dll+0x64dd3a]
V  [jvm.dll+0x7906c9]
V  [jvm.dll+0x791d9c]
V  [jvm.dll+0x7923c5]
V  [jvm.dll+0x79237b]
V  [jvm.dll+0x64cdd0]
V  [jvm.dll+0x64d4e8]
C  [ntdll.dll+0xa23af]
C  [ntdll.dll+0x514b4]
C  [ntdll.dll+0xa0ebe]
C  0x000001ce8000112d

VM_Operation (0x0000001de6cfc820): BulkRevokeBias, mode: safepoint, requested by thread 0x000001ce9818c000


---------------  P R O C E S S  ---------------

Threads class SMR info:
_java_thread_list=0x000001ce98c2a6e0, length=207, elements={
0x000001cef6e74000, 0x000001ce96b7c000, 0x000001ce96b7d800, 0x000001ce974f0800,
0x000001ce974f1000, 0x000001ce974f2000, 0x000001ce974f7000, 0x000001ce974f8000,
0x000001ce974fa800, 0x000001ce97660000, 0x000001ce98a05800, 0x000001ce994a2800,
0x000001ce97845800, 0x000001ce989b3000, 0x000001ce9818c000, 0x000001ce9856a000,
0x000001ce9856d800, 0x000001ce98569800, 0x000001ce9856b000, 0x000001ce9856c800,
0x000001ce9856e800, 0x000001ce9b0e7800, 0x000001ce9b0e4800, 0x000001ce9b0e3000,
0x000001ce9b0ea000, 0x000001ce9b0e8800, 0x000001ce9b0e9800, 0x000001ce9b0eb000,
0x000001ce9b0ec000, 0x000001ce9b0ec800, 0x000001ce9a8ce800, 0x000001ce9a8d1000,
0x000001ce9a8cd800, 0x000001ce9a8cf000, 0x000001ce9a8cb000, 0x000001ce9a8d3800,
0x000001ce9a8d5000, 0x000001ce9a8d7800, 0x000001ce9a8d5800, 0x000001ce9a8d4000,
0x000001ce9a8d6800, 0x000001ce988b8000, 0x000001ce988b9800, 0x000001ce988ba800,
0x000001ce988bb800, 0x000001ce988bd000, 0x000001ce988b9000, 0x000001ce988c0000,
0x000001ce988c4000, 0x000001ce985b4000, 0x000001ce988c3800, 0x000001ce988c1000,
0x000001ce988c2000, 0x000001ce988be800, 0x000001ce988c9000, 0x000001ce988c6800,
0x000001ce988c5000, 0x000001ce988c7800, 0x000001ce988ca000, 0x000001ce988c8800,
0x000001ce988cb000, 0x000001ce988cb800, 0x000001ce988c6000, 0x000001ce988d2000,
0x000001ce988cf800, 0x000001ce988d1800, 0x000001ce988cc800, 0x000001ce988d0800,
0x000001ce988cd000, 0x000001ce988d3000, 0x000001ce988ce000, 0x000001ce988d3800,
0x000001ce988d4800, 0x000001ce988cf000, 0x000001ce988d5800, 0x000001ce988d6000,
0x000001ce9b638000, 0x000001ce9b641800, 0x000001ce9a8d1800, 0x000001ce9a8cc000,
0x000001ce9a8d0000, 0x000001ce9a8d2800, 0x000001ce9a8cc800, 0x000001ce9a8d8000,
0x000001ce9a8da000, 0x000001ce9a8d9000, 0x000001ce9b0e6000, 0x000001ce9b0e3800,
0x000001ce9b0ed800, 0x000001ce9b0ee000, 0x000001ce9b0f0800, 0x000001ce9b0ef000,
0x000001ce9b0f0000, 0x000001ce9856c000, 0x000001ce98568800, 0x000001ce98567800,
0x000001ce99c9c800, 0x000001ce99c99800, 0x000001ce99c9a000, 0x000001ce99c9d800,
0x000001ce99c9b000, 0x000001ce99c97800, 0x000001ce99c9c000, 0x000001ce99c9e000,
0x000001ce99c98800, 0x000001ce99ca3000, 0x000001ce99ca4000, 0x000001ce99ca5000,
0x000001ce99ca0000, 0x000001ce99ca1800, 0x000001ce99ca2800, 0x000001ce99c9f000,
0x000001ce99ca5800, 0x000001ce99ca6800, 0x000001ce99ca0800, 0x000001ce9d723800,
0x000001ce9d724000, 0x000001ce9d726800, 0x000001ce9d725000, 0x000001ce9d721000,
0x000001ce9d726000, 0x000001ce9d727800, 0x000001ce9d721800, 0x000001ce9d722800,
0x000001ce9d72b800, 0x000001ce9d72c800, 0x000001ce9d72d000, 0x000001ce9d729000,
0x000001ce9d72a000, 0x000001ce9d72a800, 0x000001ce9d72e000, 0x000001ce9d728000,
0x000001ce9d72e800, 0x000001ce9d72f800, 0x000001cea0e8f800, 0x000001cea0e91800,
0x000001cea0e90800, 0x000001cea0e8e000, 0x000001cea0e8f000, 0x000001cea0e92000,
0x000001cea0e93000, 0x000001cea0e8d800, 0x000001cea0e98800, 0x000001cea0e96000,
0x000001cea0e95800, 0x000001cea0e99800, 0x000001cea0e97000, 0x000001cea0e98000,
0x000001cea0e94000, 0x000001cea0e9a800, 0x000001cea0e94800, 0x000001cea0e9b000,
0x000001cea0e9c000, 0x000001ce9d111000, 0x000001ce9d10f800, 0x000001ce9d113800,
0x000001ce9d115000, 0x000001ce9d110000, 0x000001ce9d116000, 0x000001ce9d116800,
0x000001ce9d114000, 0x000001ce9d117800, 0x000001ce9d111800, 0x000001ce9d118000,
0x000001ce9d112800, 0x000001ce9d11b800, 0x000001ce9d11c800, 0x000001ce9d11d000,
0x000001ce9d119000, 0x000001ce9d11e000, 0x000001ce9d11f000, 0x000001ce9d11f800,
0x000001ce9d11a000, 0x000001ce9d120800, 0x000001ce9d11a800, 0x000001ce9d124800,
0x000001ce9d123000, 0x000001ce9d123800, 0x000001ce9d126000, 0x000001ce9d121000,
0x000001ce9d125800, 0x000001ce9d127000, 0x000001ce9d122000, 0x000001ce9d127800,
0x000001ce9d12c000, 0x000001ce9d12c800, 0x000001ce9d12a000, 0x000001ce9d128800,
0x000001ce9d129800, 0x000001ce9d12b000, 0x000001ce9d12d800, 0x000001ce9d12e800,
0x000001ce9b4bd800, 0x000001ce9b4c3800, 0x000001ce9b4be800, 0x000001ce9b4c2800,
0x000001ce9b4c4000, 0x000001ce9b4c5000, 0x000001ce9b4c1000, 0x000001ce9b4c1800,
0x000001ce9b4bf000, 0x000001ce9b4c6000, 0x000001ce9b4c0000, 0x000001ce9b4cc800,
0x000001ce9b4c6800, 0x000001ce9b4cd000, 0x000001ce9b4cb800
}

Java Threads: ( => current thread )
  0x000001cef6e74000 JavaThread "main" [_thread_blocked, id=15584, stack(0x0000001de5100000,0x0000001de5200000)]
  0x000001ce96b7c000 JavaThread "Reference Handler" daemon [_thread_blocked, id=23500, stack(0x0000001de5800000,0x0000001de5900000)]
  0x000001ce96b7d800 JavaThread "Finalizer" daemon [_thread_blocked, id=9696, stack(0x0000001de5900000,0x0000001de5a00000)]
  0x000001ce974f0800 JavaThread "Signal Dispatcher" daemon [_thread_blocked, id=9276, stack(0x0000001de5a00000,0x0000001de5b00000)]
  0x000001ce974f1000 JavaThread "Attach Listener" daemon [_thread_blocked, id=24284, stack(0x0000001de5b00000,0x0000001de5c00000)]
  0x000001ce974f2000 JavaThread "Service Thread" daemon [_thread_blocked, id=8084, stack(0x0000001de5c00000,0x0000001de5d00000)]
  0x000001ce974f7000 JavaThread "C2 CompilerThread0" daemon [_thread_in_native, id=19120, stack(0x0000001de5d00000,0x0000001de5e00000)]
  0x000001ce974f8000 JavaThread "C1 CompilerThread0" daemon [_thread_blocked, id=10036, stack(0x0000001de5e00000,0x0000001de5f00000)]
  0x000001ce974fa800 JavaThread "Sweeper thread" daemon [_thread_blocked, id=8800, stack(0x0000001de5f00000,0x0000001de6000000)]
  0x000001ce97660000 JavaThread "Common-Cleaner" daemon [_thread_blocked, id=5672, stack(0x0000001de6000000,0x0000001de6100000)]
  0x000001ce98a05800 JavaThread "Daemon health stats" [_thread_blocked, id=22140, stack(0x0000001de6600000,0x0000001de6700000)]
  0x000001ce994a2800 JavaThread "Incoming local TCP Connector on port 51206" [_thread_in_native, id=19888, stack(0x0000001de6700000,0x0000001de6800000)]
  0x000001ce97845800 JavaThread "Daemon periodic checks" [_thread_blocked, id=14732, stack(0x0000001de6800000,0x0000001de6900000)]
  0x000001ce989b3000 JavaThread "Daemon" [_thread_blocked, id=24292, stack(0x0000001de6900000,0x0000001de6a00000)]
  0x000001ce9818c000 JavaThread "Daemon worker" [_thread_blocked, id=12656, stack(0x0000001de6c00000,0x0000001de6d00000)]
  0x000001ce9856a000 JavaThread "Cache worker for journal cache (C:\Users\Abel\.gradle\caches\journal-1)" [_thread_blocked, id=14936, stack(0x0000001de7d00000,0x0000001de7e00000)]
  0x000001ce9856d800 JavaThread "File lock request listener" [_thread_in_native, id=17632, stack(0x0000001de8000000,0x0000001de8100000)]
  0x000001ce98569800 JavaThread "Cache worker for file hash cache (C:\Users\Abel\.gradle\caches\8.0.1\fileHashes)" [_thread_blocked, id=12184, stack(0x0000001de8100000,0x0000001de8200000)]
  0x000001ce9856b000 JavaThread "File watcher server" daemon [_thread_in_native, id=3388, stack(0x0000001de8200000,0x0000001de8300000)]
  0x000001ce9856c800 JavaThread "File watcher consumer" daemon [_thread_blocked, id=9752, stack(0x0000001de8300000,0x0000001de8400000)]
  0x000001ce9856e800 JavaThread "Cache worker for file content cache (C:\Users\Abel\.gradle\caches\8.0.1\fileContent)" [_thread_blocked, id=11328, stack(0x0000001de8600000,0x0000001de8700000)]
  0x000001ce9b0e7800 JavaThread "Cache worker for execution history cache (C:\Users\Abel\.gradle\caches\8.0.1\executionHistory)" [_thread_blocked, id=13368, stack(0x0000001de8900000,0x0000001de8a00000)]
  0x000001ce9b0e4800 JavaThread "jar transforms" [_thread_blocked, id=18868, stack(0x0000001de8a00000,0x0000001de8b00000)]
  0x000001ce9b0e3000 JavaThread "jar transforms Thread 2" [_thread_blocked, id=17224, stack(0x0000001de8b00000,0x0000001de8c00000)]
  0x000001ce9b0ea000 JavaThread "jar transforms Thread 3" [_thread_blocked, id=3344, stack(0x0000001de8c00000,0x0000001de8d00000)]
  0x000001ce9b0e8800 JavaThread "jar transforms Thread 4" [_thread_blocked, id=23872, stack(0x0000001de8d00000,0x0000001de8e00000)]
  0x000001ce9b0e9800 JavaThread "Cache worker for kotlin-dsl (C:\Users\Abel\.gradle\caches\8.0.1\kotlin-dsl)" [_thread_blocked, id=19176, stack(0x0000001de6400000,0x0000001de6500000)]
  0x000001ce9b0eb000 JavaThread "jar transforms Thread 5" [_thread_blocked, id=20708, stack(0x0000001de6500000,0x0000001de6600000)]
  0x000001ce9b0ec000 JavaThread "jar transforms Thread 6" [_thread_blocked, id=19932, stack(0x0000001de8e00000,0x0000001de8f00000)]
  0x000001ce9b0ec800 JavaThread "jar transforms Thread 7" [_thread_blocked, id=24752, stack(0x0000001de9100000,0x0000001de9200000)]
  0x000001ce9a8ce800 JavaThread "jar transforms Thread 8" [_thread_blocked, id=18376, stack(0x0000001deac00000,0x0000001dead00000)]
  0x000001ce9a8d1000 JavaThread "jar transforms Thread 9" [_thread_blocked, id=9428, stack(0x0000001dead00000,0x0000001deae00000)]
  0x000001ce9a8cd800 JavaThread "jar transforms Thread 10" [_thread_blocked, id=22208, stack(0x0000001deae00000,0x0000001deaf00000)]
  0x000001ce9a8cf000 JavaThread "jar transforms Thread 11" [_thread_blocked, id=20044, stack(0x0000001deaf00000,0x0000001deb000000)]
  0x000001ce9a8cb000 JavaThread "jar transforms Thread 12" [_thread_blocked, id=21516, stack(0x0000001deb000000,0x0000001deb100000)]
  0x000001ce9a8d3800 JavaThread "jar transforms Thread 13" [_thread_blocked, id=8052, stack(0x0000001deb100000,0x0000001deb200000)]
  0x000001ce9a8d5000 JavaThread "jar transforms Thread 14" [_thread_blocked, id=22624, stack(0x0000001deb200000,0x0000001deb300000)]
  0x000001ce9a8d7800 JavaThread "jar transforms Thread 15" [_thread_blocked, id=17260, stack(0x0000001deb300000,0x0000001deb400000)]
  0x000001ce9a8d5800 JavaThread "jar transforms Thread 16" [_thread_blocked, id=20000, stack(0x0000001deb400000,0x0000001deb500000)]
  0x000001ce9a8d4000 JavaThread "Memory manager" [_thread_blocked, id=10992, stack(0x0000001deb500000,0x0000001deb600000)]
  0x000001ce9a8d6800 JavaThread "included builds" [_thread_blocked, id=10792, stack(0x0000001deb800000,0x0000001deb900000)]
  0x000001ce988b8000 JavaThread "Handler for socket connection from /127.0.0.1:51206 to /127.0.0.1:51358" [_thread_in_native, id=10624, stack(0x0000001de6a00000,0x0000001de6b00000)]
  0x000001ce988b9800 JavaThread "Cancel handler" [_thread_blocked, id=23496, stack(0x0000001de6b00000,0x0000001de6c00000)]
  0x000001ce988ba800 JavaThread "Asynchronous log dispatcher for DefaultDaemonConnection: socket connection from /127.0.0.1:51206 to /127.0.0.1:51358" [_thread_blocked, id=20992, stack(0x0000001de6d00000,0x0000001de6e00000)]
  0x000001ce988bb800 JavaThread "Stdin handler" [_thread_blocked, id=22184, stack(0x0000001de6e00000,0x0000001de6f00000)]
  0x000001ce988bd000 JavaThread "Daemon client event forwarder" [_thread_blocked, id=20824, stack(0x0000001de6f00000,0x0000001de7000000)]
  0x000001ce988b9000 JavaThread "Cache worker for checksums cache (C:\Users\Abel\Desktop\krich\krich_app\android\.gradle\8.0.1\checksums)" [_thread_blocked, id=23568, stack(0x0000001de8400000,0x0000001de8500000)]
  0x000001ce988c0000 JavaThread "Cache worker for file hash cache (C:\Users\Abel\Desktop\krich\krich_app\android\.gradle\8.0.1\fileHashes)" [_thread_blocked, id=2628, stack(0x0000001de8700000,0x0000001de8800000)]
  0x000001ce988c4000 JavaThread "Cache worker for dependencies-accessors (C:\Users\Abel\Desktop\krich\krich_app\android\.gradle\8.0.1\dependencies-accessors)" [_thread_blocked, id=15108, stack(0x0000001de6100000,0x0000001de6200000)]
  0x000001ce985b4000 JavaThread "C1 CompilerThread1" daemon [_thread_blocked, id=14672, stack(0x0000001de9000000,0x0000001de9100000)]
  0x000001ce988c3800 JavaThread "Unconstrained build operations" [_thread_blocked, id=22244, stack(0x0000001de9200000,0x0000001de9300000)]
  0x000001ce988c1000 JavaThread "Unconstrained build operations Thread 2" [_thread_blocked, id=16552, stack(0x0000001de9300000,0x0000001de9400000)]
  0x000001ce988c2000 JavaThread "Unconstrained build operations Thread 3" [_thread_blocked, id=8208, stack(0x0000001de9400000,0x0000001de9500000)]
  0x000001ce988be800 JavaThread "Unconstrained build operations Thread 4" [_thread_blocked, id=23760, stack(0x0000001de9500000,0x0000001de9600000)]
  0x000001ce988c9000 JavaThread "Unconstrained build operations Thread 5" [_thread_blocked, id=24712, stack(0x0000001de9600000,0x0000001de9700000)]
  0x000001ce988c6800 JavaThread "Unconstrained build operations Thread 6" [_thread_blocked, id=25448, stack(0x0000001de9700000,0x0000001de9800000)]
  0x000001ce988c5000 JavaThread "Unconstrained build operations Thread 7" [_thread_blocked, id=8824, stack(0x0000001de9800000,0x0000001de9900000)]
  0x000001ce988c7800 JavaThread "Unconstrained build operations Thread 8" [_thread_blocked, id=12908, stack(0x0000001de9900000,0x0000001de9a00000)]
  0x000001ce988ca000 JavaThread "Unconstrained build operations Thread 9" [_thread_blocked, id=11932, stack(0x0000001de9a00000,0x0000001de9b00000)]
  0x000001ce988c8800 JavaThread "Unconstrained build operations Thread 10" [_thread_blocked, id=24692, stack(0x0000001de9b00000,0x0000001de9c00000)]
  0x000001ce988cb000 JavaThread "Unconstrained build operations Thread 11" [_thread_blocked, id=8936, stack(0x0000001de9c00000,0x0000001de9d00000)]
  0x000001ce988cb800 JavaThread "Unconstrained build operations Thread 12" [_thread_blocked, id=11844, stack(0x0000001de9d00000,0x0000001de9e00000)]
  0x000001ce988c6000 JavaThread "Unconstrained build operations Thread 13" [_thread_blocked, id=25400, stack(0x0000001de9e00000,0x0000001de9f00000)]
  0x000001ce988d2000 JavaThread "Unconstrained build operations Thread 14" [_thread_blocked, id=10412, stack(0x0000001de9f00000,0x0000001dea000000)]
  0x000001ce988cf800 JavaThread "Unconstrained build operations Thread 15" [_thread_blocked, id=21340, stack(0x0000001dea000000,0x0000001dea100000)]
  0x000001ce988d1800 JavaThread "Unconstrained build operations Thread 16" [_thread_blocked, id=25468, stack(0x0000001dea100000,0x0000001dea200000)]
  0x000001ce988cc800 JavaThread "Unconstrained build operations Thread 17" [_thread_blocked, id=25520, stack(0x0000001dea200000,0x0000001dea300000)]
  0x000001ce988d0800 JavaThread "Unconstrained build operations Thread 18" [_thread_blocked, id=24556, stack(0x0000001dea300000,0x0000001dea400000)]
  0x000001ce988cd000 JavaThread "Unconstrained build operations Thread 19" [_thread_blocked, id=15416, stack(0x0000001dea400000,0x0000001dea500000)]
  0x000001ce988d3000 JavaThread "Unconstrained build operations Thread 20" [_thread_blocked, id=22660, stack(0x0000001dea500000,0x0000001dea600000)]
  0x000001ce988ce000 JavaThread "Unconstrained build operations Thread 21" [_thread_blocked, id=24204, stack(0x0000001dea600000,0x0000001dea700000)]
  0x000001ce988d3800 JavaThread "Unconstrained build operations Thread 22" [_thread_blocked, id=3616, stack(0x0000001dea700000,0x0000001dea800000)]
  0x000001ce988d4800 JavaThread "Unconstrained build operations Thread 23" [_thread_blocked, id=920, stack(0x0000001dea800000,0x0000001dea900000)]
  0x000001ce988cf000 JavaThread "Unconstrained build operations Thread 24" [_thread_blocked, id=5896, stack(0x0000001dea900000,0x0000001deaa00000)]
  0x000001ce988d5800 JavaThread "Unconstrained build operations Thread 25" [_thread_blocked, id=18916, stack(0x0000001deaa00000,0x0000001deab00000)]
  0x000001ce988d6000 JavaThread "Unconstrained build operations Thread 26" [_thread_blocked, id=17984, stack(0x0000001deab00000,0x0000001deac00000)]
  0x000001ce9b638000 JavaThread "included builds" [_thread_blocked, id=5164, stack(0x0000001deb700000,0x0000001deb800000)]
  0x000001ce9b641800 JavaThread "Unconstrained build operations Thread 27" [_thread_blocked, id=24188, stack(0x0000001dec900000,0x0000001deca00000)]
  0x000001ce9a8d1800 JavaThread "Unconstrained build operations Thread 28" [_thread_blocked, id=13908, stack(0x0000001deca00000,0x0000001decb00000)]
  0x000001ce9a8cc000 JavaThread "Unconstrained build operations Thread 29" [_thread_blocked, id=10452, stack(0x0000001decb00000,0x0000001decc00000)]
  0x000001ce9a8d0000 JavaThread "Unconstrained build operations Thread 30" [_thread_blocked, id=24504, stack(0x0000001decc00000,0x0000001decd00000)]
  0x000001ce9a8d2800 JavaThread "Unconstrained build operations Thread 31" [_thread_blocked, id=11020, stack(0x0000001decd00000,0x0000001dece00000)]
  0x000001ce9a8cc800 JavaThread "Unconstrained build operations Thread 32" [_thread_blocked, id=24868, stack(0x0000001dece00000,0x0000001decf00000)]
  0x000001ce9a8d8000 JavaThread "Unconstrained build operations Thread 33" [_thread_blocked, id=22292, stack(0x0000001decf00000,0x0000001ded000000)]
  0x000001ce9a8da000 JavaThread "Unconstrained build operations Thread 34" [_thread_blocked, id=4464, stack(0x0000001ded000000,0x0000001ded100000)]
  0x000001ce9a8d9000 JavaThread "Unconstrained build operations Thread 35" [_thread_blocked, id=10120, stack(0x0000001ded100000,0x0000001ded200000)]
  0x000001ce9b0e6000 JavaThread "Unconstrained build operations Thread 36" [_thread_blocked, id=19800, stack(0x0000001ded200000,0x0000001ded300000)]
  0x000001ce9b0e3800 JavaThread "Unconstrained build operations Thread 37" [_thread_blocked, id=3896, stack(0x0000001ded300000,0x0000001ded400000)]
  0x000001ce9b0ed800 JavaThread "Unconstrained build operations Thread 38" [_thread_blocked, id=5136, stack(0x0000001ded400000,0x0000001ded500000)]
  0x000001ce9b0ee000 JavaThread "Unconstrained build operations Thread 39" [_thread_blocked, id=9136, stack(0x0000001ded500000,0x0000001ded600000)]
  0x000001ce9b0f0800 JavaThread "Unconstrained build operations Thread 40" [_thread_blocked, id=23440, stack(0x0000001ded600000,0x0000001ded700000)]
  0x000001ce9b0ef000 JavaThread "Unconstrained build operations Thread 41" [_thread_blocked, id=9744, stack(0x0000001ded700000,0x0000001ded800000)]
  0x000001ce9b0f0000 JavaThread "Unconstrained build operations Thread 42" [_thread_blocked, id=10212, stack(0x0000001ded800000,0x0000001ded900000)]
  0x000001ce9856c000 JavaThread "Unconstrained build operations Thread 43" [_thread_blocked, id=19052, stack(0x0000001ded900000,0x0000001deda00000)]
  0x000001ce98568800 JavaThread "Unconstrained build operations Thread 44" [_thread_blocked, id=8904, stack(0x0000001deda00000,0x0000001dedb00000)]
  0x000001ce98567800 JavaThread "Unconstrained build operations Thread 45" [_thread_blocked, id=20084, stack(0x0000001dedb00000,0x0000001dedc00000)]
  0x000001ce99c9c800 JavaThread "Unconstrained build operations Thread 46" [_thread_blocked, id=13988, stack(0x0000001dedc00000,0x0000001dedd00000)]
  0x000001ce99c99800 JavaThread "Unconstrained build operations Thread 47" [_thread_blocked, id=23528, stack(0x0000001dedd00000,0x0000001dede00000)]
  0x000001ce99c9a000 JavaThread "Unconstrained build operations Thread 48" [_thread_blocked, id=8724, stack(0x0000001dede00000,0x0000001dedf00000)]
  0x000001ce99c9d800 JavaThread "Unconstrained build operations Thread 49" [_thread_blocked, id=4064, stack(0x0000001dedf00000,0x0000001dee000000)]
  0x000001ce99c9b000 JavaThread "Unconstrained build operations Thread 50" [_thread_blocked, id=1244, stack(0x0000001dee000000,0x0000001dee100000)]
  0x000001ce99c97800 JavaThread "Unconstrained build operations Thread 51" [_thread_blocked, id=2612, stack(0x0000001dee100000,0x0000001dee200000)]
  0x000001ce99c9c000 JavaThread "Unconstrained build operations Thread 52" [_thread_blocked, id=19464, stack(0x0000001dee200000,0x0000001dee300000)]
  0x000001ce99c9e000 JavaThread "Unconstrained build operations Thread 53" [_thread_blocked, id=15524, stack(0x0000001dee300000,0x0000001dee400000)]
  0x000001ce99c98800 JavaThread "Unconstrained build operations Thread 54" [_thread_blocked, id=20604, stack(0x0000001dee400000,0x0000001dee500000)]
  0x000001ce99ca3000 JavaThread "Unconstrained build operations Thread 55" [_thread_blocked, id=25436, stack(0x0000001dee500000,0x0000001dee600000)]
  0x000001ce99ca4000 JavaThread "Unconstrained build operations Thread 56" [_thread_blocked, id=8152, stack(0x0000001dee600000,0x0000001dee700000)]
  0x000001ce99ca5000 JavaThread "Unconstrained build operations Thread 57" [_thread_blocked, id=24780, stack(0x0000001dee700000,0x0000001dee800000)]
  0x000001ce99ca0000 JavaThread "Unconstrained build operations Thread 58" [_thread_blocked, id=16896, stack(0x0000001dee800000,0x0000001dee900000)]
  0x000001ce99ca1800 JavaThread "Unconstrained build operations Thread 59" [_thread_blocked, id=18832, stack(0x0000001dee900000,0x0000001deea00000)]
  0x000001ce99ca2800 JavaThread "Unconstrained build operations Thread 60" [_thread_blocked, id=9388, stack(0x0000001deea00000,0x0000001deeb00000)]
  0x000001ce99c9f000 JavaThread "Unconstrained build operations Thread 61" [_thread_blocked, id=5888, stack(0x0000001deeb00000,0x0000001deec00000)]
  0x000001ce99ca5800 JavaThread "Unconstrained build operations Thread 62" [_thread_blocked, id=7484, stack(0x0000001deec00000,0x0000001deed00000)]
  0x000001ce99ca6800 JavaThread "Unconstrained build operations Thread 63" [_thread_blocked, id=14488, stack(0x0000001deed00000,0x0000001deee00000)]
  0x000001ce99ca0800 JavaThread "Unconstrained build operations Thread 64" [_thread_blocked, id=11004, stack(0x0000001deee00000,0x0000001deef00000)]
  0x000001ce9d723800 JavaThread "Unconstrained build operations Thread 65" [_thread_blocked, id=5000, stack(0x0000001deef00000,0x0000001def000000)]
  0x000001ce9d724000 JavaThread "Unconstrained build operations Thread 66" [_thread_blocked, id=19648, stack(0x0000001def000000,0x0000001def100000)]
  0x000001ce9d726800 JavaThread "Unconstrained build operations Thread 67" [_thread_blocked, id=15624, stack(0x0000001def100000,0x0000001def200000)]
  0x000001ce9d725000 JavaThread "Unconstrained build operations Thread 68" [_thread_blocked, id=17272, stack(0x0000001def200000,0x0000001def300000)]
  0x000001ce9d721000 JavaThread "Unconstrained build operations Thread 69" [_thread_blocked, id=23048, stack(0x0000001def300000,0x0000001def400000)]
  0x000001ce9d726000 JavaThread "Unconstrained build operations Thread 70" [_thread_blocked, id=6552, stack(0x0000001def400000,0x0000001def500000)]
  0x000001ce9d727800 JavaThread "Unconstrained build operations Thread 71" [_thread_blocked, id=24128, stack(0x0000001def500000,0x0000001def600000)]
  0x000001ce9d721800 JavaThread "Unconstrained build operations Thread 72" [_thread_blocked, id=5688, stack(0x0000001def600000,0x0000001def700000)]
  0x000001ce9d722800 JavaThread "Unconstrained build operations Thread 73" [_thread_blocked, id=9372, stack(0x0000001def700000,0x0000001def800000)]
  0x000001ce9d72b800 JavaThread "Unconstrained build operations Thread 74" [_thread_blocked, id=21104, stack(0x0000001def800000,0x0000001def900000)]
  0x000001ce9d72c800 JavaThread "Unconstrained build operations Thread 75" [_thread_blocked, id=17200, stack(0x0000001def900000,0x0000001defa00000)]
  0x000001ce9d72d000 JavaThread "Unconstrained build operations Thread 76" [_thread_blocked, id=24660, stack(0x0000001defa00000,0x0000001defb00000)]
  0x000001ce9d729000 JavaThread "Unconstrained build operations Thread 77" [_thread_blocked, id=17344, stack(0x0000001defb00000,0x0000001defc00000)]
  0x000001ce9d72a000 JavaThread "Unconstrained build operations Thread 78" [_thread_blocked, id=24340, stack(0x0000001defc00000,0x0000001defd00000)]
  0x000001ce9d72a800 JavaThread "Unconstrained build operations Thread 79" [_thread_blocked, id=24004, stack(0x0000001defd00000,0x0000001defe00000)]
  0x000001ce9d72e000 JavaThread "Unconstrained build operations Thread 80" [_thread_blocked, id=22840, stack(0x0000001defe00000,0x0000001deff00000)]
  0x000001ce9d728000 JavaThread "Unconstrained build operations Thread 81" [_thread_blocked, id=20296, stack(0x0000001deff00000,0x0000001df0000000)]
  0x000001ce9d72e800 JavaThread "Unconstrained build operations Thread 82" [_thread_blocked, id=3252, stack(0x0000001df0000000,0x0000001df0100000)]
  0x000001ce9d72f800 JavaThread "Unconstrained build operations Thread 83" [_thread_blocked, id=3632, stack(0x0000001df0100000,0x0000001df0200000)]
  0x000001cea0e8f800 JavaThread "Unconstrained build operations Thread 84" [_thread_blocked, id=2872, stack(0x0000001df0200000,0x0000001df0300000)]
  0x000001cea0e91800 JavaThread "Unconstrained build operations Thread 85" [_thread_blocked, id=2916, stack(0x0000001df0300000,0x0000001df0400000)]
  0x000001cea0e90800 JavaThread "Unconstrained build operations Thread 86" [_thread_blocked, id=9296, stack(0x0000001df0400000,0x0000001df0500000)]
  0x000001cea0e8e000 JavaThread "Unconstrained build operations Thread 87" [_thread_blocked, id=24148, stack(0x0000001df0500000,0x0000001df0600000)]
  0x000001cea0e8f000 JavaThread "Unconstrained build operations Thread 88" [_thread_blocked, id=10248, stack(0x0000001df0600000,0x0000001df0700000)]
  0x000001cea0e92000 JavaThread "Unconstrained build operations Thread 89" [_thread_blocked, id=15408, stack(0x0000001df0700000,0x0000001df0800000)]
  0x000001cea0e93000 JavaThread "Unconstrained build operations Thread 90" [_thread_blocked, id=16144, stack(0x0000001df0800000,0x0000001df0900000)]
  0x000001cea0e8d800 JavaThread "Unconstrained build operations Thread 91" [_thread_blocked, id=25320, stack(0x0000001df0900000,0x0000001df0a00000)]
  0x000001cea0e98800 JavaThread "Unconstrained build operations Thread 92" [_thread_blocked, id=15792, stack(0x0000001df0a00000,0x0000001df0b00000)]
  0x000001cea0e96000 JavaThread "Unconstrained build operations Thread 93" [_thread_blocked, id=2588, stack(0x0000001df0b00000,0x0000001df0c00000)]
  0x000001cea0e95800 JavaThread "Unconstrained build operations Thread 94" [_thread_blocked, id=17628, stack(0x0000001df0c00000,0x0000001df0d00000)]
  0x000001cea0e99800 JavaThread "Unconstrained build operations Thread 95" [_thread_blocked, id=24056, stack(0x0000001df0d00000,0x0000001df0e00000)]
  0x000001cea0e97000 JavaThread "Unconstrained build operations Thread 96" [_thread_blocked, id=23560, stack(0x0000001df0e00000,0x0000001df0f00000)]
  0x000001cea0e98000 JavaThread "Unconstrained build operations Thread 97" [_thread_blocked, id=20776, stack(0x0000001df0f00000,0x0000001df1000000)]
  0x000001cea0e94000 JavaThread "Unconstrained build operations Thread 98" [_thread_blocked, id=20716, stack(0x0000001df1000000,0x0000001df1100000)]
  0x000001cea0e9a800 JavaThread "Unconstrained build operations Thread 99" [_thread_blocked, id=24312, stack(0x0000001df1100000,0x0000001df1200000)]
  0x000001cea0e94800 JavaThread "Unconstrained build operations Thread 100" [_thread_blocked, id=22912, stack(0x0000001df1200000,0x0000001df1300000)]
  0x000001cea0e9b000 JavaThread "Unconstrained build operations Thread 101" [_thread_blocked, id=23404, stack(0x0000001df1300000,0x0000001df1400000)]
  0x000001cea0e9c000 JavaThread "Unconstrained build operations Thread 102" [_thread_blocked, id=24548, stack(0x0000001df1400000,0x0000001df1500000)]
  0x000001ce9d111000 JavaThread "Unconstrained build operations Thread 103" [_thread_blocked, id=4208, stack(0x0000001df1500000,0x0000001df1600000)]
  0x000001ce9d10f800 JavaThread "Unconstrained build operations Thread 104" [_thread_blocked, id=18772, stack(0x0000001df1600000,0x0000001df1700000)]
  0x000001ce9d113800 JavaThread "Unconstrained build operations Thread 105" [_thread_blocked, id=11184, stack(0x0000001df1700000,0x0000001df1800000)]
  0x000001ce9d115000 JavaThread "Unconstrained build operations Thread 106" [_thread_blocked, id=9236, stack(0x0000001df1800000,0x0000001df1900000)]
  0x000001ce9d110000 JavaThread "Unconstrained build operations Thread 107" [_thread_blocked, id=19528, stack(0x0000001df1900000,0x0000001df1a00000)]
  0x000001ce9d116000 JavaThread "Unconstrained build operations Thread 108" [_thread_blocked, id=14128, stack(0x0000001df1a00000,0x0000001df1b00000)]
  0x000001ce9d116800 JavaThread "Unconstrained build operations Thread 109" [_thread_blocked, id=14164, stack(0x0000001df1b00000,0x0000001df1c00000)]
  0x000001ce9d114000 JavaThread "Unconstrained build operations Thread 110" [_thread_blocked, id=19524, stack(0x0000001df1c00000,0x0000001df1d00000)]
  0x000001ce9d117800 JavaThread "Unconstrained build operations Thread 111" [_thread_blocked, id=16120, stack(0x0000001df1d00000,0x0000001df1e00000)]
  0x000001ce9d111800 JavaThread "Unconstrained build operations Thread 112" [_thread_blocked, id=956, stack(0x0000001df1e00000,0x0000001df1f00000)]
  0x000001ce9d118000 JavaThread "Unconstrained build operations Thread 113" [_thread_blocked, id=23480, stack(0x0000001df1f00000,0x0000001df2000000)]
  0x000001ce9d112800 JavaThread "Unconstrained build operations Thread 114" [_thread_blocked, id=6872, stack(0x0000001df2000000,0x0000001df2100000)]
  0x000001ce9d11b800 JavaThread "Unconstrained build operations Thread 115" [_thread_blocked, id=18040, stack(0x0000001df2100000,0x0000001df2200000)]
  0x000001ce9d11c800 JavaThread "Unconstrained build operations Thread 116" [_thread_blocked, id=23564, stack(0x0000001df2200000,0x0000001df2300000)]
  0x000001ce9d11d000 JavaThread "Unconstrained build operations Thread 117" [_thread_blocked, id=12428, stack(0x0000001df2300000,0x0000001df2400000)]
  0x000001ce9d119000 JavaThread "Unconstrained build operations Thread 118" [_thread_blocked, id=4344, stack(0x0000001df2400000,0x0000001df2500000)]
  0x000001ce9d11e000 JavaThread "Unconstrained build operations Thread 119" [_thread_blocked, id=16052, stack(0x0000001df2500000,0x0000001df2600000)]
  0x000001ce9d11f000 JavaThread "Unconstrained build operations Thread 120" [_thread_blocked, id=21348, stack(0x0000001df2600000,0x0000001df2700000)]
  0x000001ce9d11f800 JavaThread "Unconstrained build operations Thread 121" [_thread_blocked, id=736, stack(0x0000001df2700000,0x0000001df2800000)]
  0x000001ce9d11a000 JavaThread "Unconstrained build operations Thread 122" [_thread_blocked, id=412, stack(0x0000001df2800000,0x0000001df2900000)]
  0x000001ce9d120800 JavaThread "Unconstrained build operations Thread 123" [_thread_blocked, id=22164, stack(0x0000001df2900000,0x0000001df2a00000)]
  0x000001ce9d11a800 JavaThread "Unconstrained build operations Thread 124" [_thread_blocked, id=9348, stack(0x0000001df2a00000,0x0000001df2b00000)]
  0x000001ce9d124800 JavaThread "Unconstrained build operations Thread 125" [_thread_blocked, id=11800, stack(0x0000001df2b00000,0x0000001df2c00000)]
  0x000001ce9d123000 JavaThread "Unconstrained build operations Thread 126" [_thread_blocked, id=7016, stack(0x0000001df2c00000,0x0000001df2d00000)]
  0x000001ce9d123800 JavaThread "Unconstrained build operations Thread 127" [_thread_blocked, id=8644, stack(0x0000001df2d00000,0x0000001df2e00000)]
  0x000001ce9d126000 JavaThread "Unconstrained build operations Thread 128" [_thread_blocked, id=19288, stack(0x0000001df2e00000,0x0000001df2f00000)]
  0x000001ce9d121000 JavaThread "Unconstrained build operations Thread 129" [_thread_blocked, id=15952, stack(0x0000001df2f00000,0x0000001df3000000)]
  0x000001ce9d125800 JavaThread "Unconstrained build operations Thread 130" [_thread_blocked, id=20664, stack(0x0000001df3000000,0x0000001df3100000)]
  0x000001ce9d127000 JavaThread "Unconstrained build operations Thread 131" [_thread_blocked, id=4732, stack(0x0000001df3100000,0x0000001df3200000)]
  0x000001ce9d122000 JavaThread "Unconstrained build operations Thread 132" [_thread_blocked, id=7412, stack(0x0000001df3200000,0x0000001df3300000)]
  0x000001ce9d127800 JavaThread "Unconstrained build operations Thread 133" [_thread_blocked, id=24848, stack(0x0000001df3300000,0x0000001df3400000)]
  0x000001ce9d12c000 JavaThread "Unconstrained build operations Thread 134" [_thread_blocked, id=14916, stack(0x0000001df3400000,0x0000001df3500000)]
  0x000001ce9d12c800 JavaThread "Unconstrained build operations Thread 135" [_thread_blocked, id=6696, stack(0x0000001df3500000,0x0000001df3600000)]
  0x000001ce9d12a000 JavaThread "Unconstrained build operations Thread 136" [_thread_blocked, id=24156, stack(0x0000001df3600000,0x0000001df3700000)]
  0x000001ce9d128800 JavaThread "Unconstrained build operations Thread 137" [_thread_blocked, id=14904, stack(0x0000001df3700000,0x0000001df3800000)]
  0x000001ce9d129800 JavaThread "Unconstrained build operations Thread 138" [_thread_blocked, id=19868, stack(0x0000001df3800000,0x0000001df3900000)]
  0x000001ce9d12b000 JavaThread "Unconstrained build operations Thread 139" [_thread_blocked, id=23732, stack(0x0000001df3900000,0x0000001df3a00000)]
  0x000001ce9d12d800 JavaThread "Unconstrained build operations Thread 140" [_thread_blocked, id=10200, stack(0x0000001df3a00000,0x0000001df3b00000)]
  0x000001ce9d12e800 JavaThread "Unconstrained build operations Thread 141" [_thread_blocked, id=24016, stack(0x0000001df3b00000,0x0000001df3c00000)]
  0x000001ce9b4bd800 JavaThread "Unconstrained build operations Thread 142" [_thread_blocked, id=20016, stack(0x0000001df3c00000,0x0000001df3d00000)]
  0x000001ce9b4c3800 JavaThread "Unconstrained build operations Thread 143" [_thread_blocked, id=16892, stack(0x0000001df3d00000,0x0000001df3e00000)]
  0x000001ce9b4be800 JavaThread "Unconstrained build operations Thread 144" [_thread_blocked, id=12240, stack(0x0000001df3e00000,0x0000001df3f00000)]
  0x000001ce9b4c2800 JavaThread "Unconstrained build operations Thread 145" [_thread_blocked, id=5740, stack(0x0000001df3f00000,0x0000001df4000000)]
  0x000001ce9b4c4000 JavaThread "Unconstrained build operations Thread 146" [_thread_blocked, id=23648, stack(0x0000001df4000000,0x0000001df4100000)]
  0x000001ce9b4c5000 JavaThread "Unconstrained build operations Thread 147" [_thread_blocked, id=2896, stack(0x0000001df4100000,0x0000001df4200000)]
  0x000001ce9b4c1000 JavaThread "Unconstrained build operations Thread 148" [_thread_blocked, id=25420, stack(0x0000001df4200000,0x0000001df4300000)]
  0x000001ce9b4c1800 JavaThread "Unconstrained build operations Thread 149" [_thread_blocked, id=392, stack(0x0000001df4300000,0x0000001df4400000)]
  0x000001ce9b4bf000 JavaThread "Unconstrained build operations Thread 150" [_thread_blocked, id=932, stack(0x0000001df4400000,0x0000001df4500000)]
  0x000001ce9b4c6000 JavaThread "Unconstrained build operations Thread 151" [_thread_blocked, id=14600, stack(0x0000001df4500000,0x0000001df4600000)]
  0x000001ce9b4c0000 JavaThread "Unconstrained build operations Thread 152" [_thread_blocked, id=15932, stack(0x0000001df4600000,0x0000001df4700000)]
  0x000001ce9b4cc800 JavaThread "Unconstrained build operations Thread 153" [_thread_blocked, id=24744, stack(0x0000001df4700000,0x0000001df4800000)]
  0x000001ce9b4c6800 JavaThread "Unconstrained build operations Thread 154" [_thread_blocked, id=21752, stack(0x0000001df4800000,0x0000001df4900000)]
  0x000001ce9b4cd000 JavaThread "Unconstrained build operations Thread 155" [_thread_blocked, id=24216, stack(0x0000001df4900000,0x0000001df4a00000)]
  0x000001ce9b4cb800 JavaThread "DisconnectableInputStream source reader" daemon [_thread_blocked, id=17544, stack(0x0000001de8500000,0x0000001de8600000)]

Other Threads:
=>0x000001ce96b78800 VMThread "VM Thread" [stack: 0x0000001de5700000,0x0000001de5800000] [id=17548] _threads_hazard_ptr=0x000001ce98c2a6e0
  0x000001ce976dd000 WatcherThread [stack: 0x0000001de6300000,0x0000001de6400000] [id=15720]
  0x000001cef4e2e800 GCTaskThread "GC Thread#0" [stack: 0x0000001de5200000,0x0000001de5300000] [id=11568]
  0x000001ce98fd3800 GCTaskThread "GC Thread#1" [stack: 0x0000001de6200000,0x0000001de6300000] [id=7056]
  0x000001ce9849a000 GCTaskThread "GC Thread#2" [stack: 0x0000001de7000000,0x0000001de7100000] [id=2504]
  0x000001ce97823800 GCTaskThread "GC Thread#3" [stack: 0x0000001de7100000,0x0000001de7200000] [id=4768]
  0x000001ce97824000 GCTaskThread "GC Thread#4" [stack: 0x0000001de7200000,0x0000001de7300000] [id=7080]
  0x000001ce98342000 GCTaskThread "GC Thread#5" [stack: 0x0000001de7300000,0x0000001de7400000] [id=20516]
  0x000001ce98343000 GCTaskThread "GC Thread#6" [stack: 0x0000001de7400000,0x0000001de7500000] [id=9936]
  0x000001ce989d6800 GCTaskThread "GC Thread#7" [stack: 0x0000001de7500000,0x0000001de7600000] [id=24144]
  0x000001ce985b7800 GCTaskThread "GC Thread#8" [stack: 0x0000001de7600000,0x0000001de7700000] [id=5368]
  0x000001ce985b4800 GCTaskThread "GC Thread#9" [stack: 0x0000001de7700000,0x0000001de7800000] [id=7228]
  0x000001ce985bb000 GCTaskThread "GC Thread#10" [stack: 0x0000001de7800000,0x0000001de7900000] [id=7752]
  0x000001ce985b6000 GCTaskThread "GC Thread#11" [stack: 0x0000001de7900000,0x0000001de7a00000] [id=22896]
  0x000001ce985b8800 GCTaskThread "GC Thread#12" [stack: 0x0000001de7a00000,0x0000001de7b00000] [id=14328]
  0x000001cef6ebd000 ConcurrentGCThread "G1 Main Marker" [stack: 0x0000001de5300000,0x0000001de5400000] [id=2112]
  0x000001cef6ebe800 ConcurrentGCThread "G1 Conc#0" [stack: 0x0000001de5400000,0x0000001de5500000] [id=16344]
  0x000001ce985b7000 ConcurrentGCThread "G1 Conc#1" [stack: 0x0000001de7e00000,0x0000001de7f00000] [id=11496]
  0x000001ce985ba000 ConcurrentGCThread "G1 Conc#2" [stack: 0x0000001de7f00000,0x0000001de8000000] [id=22376]
  0x000001cef6f4e800 ConcurrentGCThread "G1 Refine#0" [stack: 0x0000001de5500000,0x0000001de5600000] [id=24308]
  0x000001ce994e3000 ConcurrentGCThread "G1 Refine#1" [stack: 0x0000001de7b00000,0x0000001de7c00000] [id=16656]
  0x000001ce994e1000 ConcurrentGCThread "G1 Refine#2" [stack: 0x0000001de7c00000,0x0000001de7d00000] [id=11652]
  0x000001ce96a06800 ConcurrentGCThread "G1 Young RemSet Sampling" [stack: 0x0000001de5600000,0x0000001de5700000] [id=7736]

Threads with active compile tasks:
C2 CompilerThread0    50428 11879       4       org.gradle.internal.component.external.model.DefaultConfigurationMetadata::getAttributes (5 bytes)

VM state:at safepoint (normal execution)

VM Mutex/Monitor currently owned by a thread:  ([mutex/lock_event])
[0x000001cef6e70570] Threads_lock - owner thread: 0x000001ce96b78800

OutOfMemory and StackOverflow Exception counts:
OutOfMemoryError java_heap_errors=1
LinkageErrors=111

Heap address: 0x0000000080000000, size: 2048 MB, Compressed Oops mode: 32-bit
Narrow klass base: 0x0000000000000000, Narrow klass shift: 3
Compressed class space size: 528482304 Address: 0x0000000100000000

Heap:
 garbage-first heap   total 122880K, used 90056K [0x0000000080000000, 0x0000000100000000)
  region size 1024K, 4 young (4096K), 1 survivors (1024K)
 Metaspace       used 98896K, capacity 101790K, committed 102024K, reserved 604160K
  class space    used 12926K, capacity 14081K, committed 14208K, reserved 516096K
Heap Regions: E=young(eden), S=young(survivor), O=old, HS=humongous(starts), HC=humongous(continues), CS=collection set, F=free, A=archive, TAMS=top-at-mark-start (previous, next)
|   0|0x0000000080000000, 0x0000000080100000, 0x0000000080100000|100%|HS|  |TAMS 0x0000000080100000, 0x0000000080000000| Complete 
|   1|0x0000000080100000, 0x0000000080200000, 0x0000000080200000|100%|HC|  |TAMS 0x0000000080200000, 0x0000000080100000| Complete 
|   2|0x0000000080200000, 0x0000000080300000, 0x0000000080300000|100%|HC|  |TAMS 0x0000000080300000, 0x0000000080200000| Complete 
|   3|0x0000000080300000, 0x0000000080400000, 0x0000000080400000|100%|HC|  |TAMS 0x0000000080400000, 0x0000000080300000| Complete 
|   4|0x0000000080400000, 0x0000000080500000, 0x0000000080500000|100%| O|  |TAMS 0x0000000080500000, 0x0000000080400000| Untracked 
|   5|0x0000000080500000, 0x0000000080600000, 0x0000000080600000|100%| O|  |TAMS 0x0000000080600000, 0x0000000080500000| Complete 
|   6|0x0000000080600000, 0x0000000080700000, 0x0000000080700000|100%| O|  |TAMS 0x0000000080700000, 0x0000000080600000| Untracked 
|   7|0x0000000080700000, 0x0000000080800000, 0x0000000080800000|100%| O|  |TAMS 0x0000000080800000, 0x0000000080700000| Untracked 
|   8|0x0000000080800000, 0x0000000080900000, 0x0000000080900000|100%| O|  |TAMS 0x0000000080900000, 0x0000000080800000| Untracked 
|   9|0x0000000080900000, 0x0000000080a00000, 0x0000000080a00000|100%| O|  |TAMS 0x0000000080a00000, 0x0000000080900000| Untracked 
|  10|0x0000000080a00000, 0x0000000080b00000, 0x0000000080b00000|100%| O|  |TAMS 0x0000000080b00000, 0x0000000080a00000| Untracked 
|  11|0x0000000080b00000, 0x0000000080c00000, 0x0000000080c00000|100%| O|  |TAMS 0x0000000080c00000, 0x0000000080b00000| Complete 
|  12|0x0000000080c00000, 0x0000000080c00000, 0x0000000080d00000|  0%| F|  |TAMS 0x0000000080c00000, 0x0000000080c00000| Untracked 
|  13|0x0000000080d00000, 0x0000000080e00000, 0x0000000080e00000|100%| O|  |TAMS 0x0000000080e00000, 0x0000000080d00000| Untracked 
|  14|0x0000000080e00000, 0x0000000080f00000, 0x0000000080f00000|100%| O|  |TAMS 0x0000000080f00000, 0x0000000080e00000| Untracked 
|  15|0x0000000080f00000, 0x0000000081000000, 0x0000000081000000|100%| O|  |TAMS 0x0000000081000000, 0x0000000080f00000| Complete 
|  16|0x0000000081000000, 0x0000000081100000, 0x0000000081100000|100%| O|  |TAMS 0x0000000081100000, 0x0000000081000000| Untracked 
|  17|0x0000000081100000, 0x0000000081200000, 0x0000000081200000|100%| O|  |TAMS 0x0000000081200000, 0x0000000081100000| Untracked 
|  18|0x0000000081200000, 0x0000000081300000, 0x0000000081300000|100%| O|  |TAMS 0x0000000081300000, 0x0000000081200000| Untracked 
|  19|0x0000000081300000, 0x0000000081400000, 0x0000000081400000|100%| O|  |TAMS 0x0000000081400000, 0x0000000081300000| Untracked 
|  20|0x0000000081400000, 0x0000000081500000, 0x0000000081500000|100%| O|  |TAMS 0x0000000081500000, 0x0000000081400000| Untracked 
|  21|0x0000000081500000, 0x0000000081600000, 0x0000000081600000|100%| O|  |TAMS 0x0000000081600000, 0x0000000081500000| Untracked 
|  22|0x0000000081600000, 0x0000000081700000, 0x0000000081700000|100%| O|  |TAMS 0x0000000081700000, 0x0000000081600000| Complete 
|  23|0x0000000081700000, 0x0000000081800000, 0x0000000081800000|100%| O|  |TAMS 0x0000000081800000, 0x0000000081700000| Complete 
|  24|0x0000000081800000, 0x0000000081900000, 0x0000000081900000|100%| O|  |TAMS 0x0000000081900000, 0x0000000081800000| Untracked 
|  25|0x0000000081900000, 0x0000000081a00000, 0x0000000081a00000|100%| O|  |TAMS 0x0000000081a00000, 0x0000000081900000| Untracked 
|  26|0x0000000081a00000, 0x0000000081b00000, 0x0000000081b00000|100%| O|  |TAMS 0x0000000081b00000, 0x0000000081a00000| Untracked 
|  27|0x0000000081b00000, 0x0000000081c00000, 0x0000000081c00000|100%| O|  |TAMS 0x0000000081c00000, 0x0000000081b00000| Untracked 
|  28|0x0000000081c00000, 0x0000000081d00000, 0x0000000081d00000|100%| O|  |TAMS 0x0000000081d00000, 0x0000000081c00000| Untracked 
|  29|0x0000000081d00000, 0x0000000081e00000, 0x0000000081e00000|100%| O|  |TAMS 0x0000000081e00000, 0x0000000081d00000| Complete 
|  30|0x0000000081e00000, 0x0000000081f00000, 0x0000000081f00000|100%|HS|  |TAMS 0x0000000081f00000, 0x0000000081e00000| Complete 
|  31|0x0000000081f00000, 0x0000000082000000, 0x0000000082000000|100%|HC|  |TAMS 0x0000000082000000, 0x0000000081f00000| Complete 
|  32|0x0000000082000000, 0x0000000082100000, 0x0000000082100000|100%|HS|  |TAMS 0x0000000082100000, 0x0000000082000000| Complete 
|  33|0x0000000082100000, 0x0000000082200000, 0x0000000082200000|100%|HC|  |TAMS 0x0000000082200000, 0x0000000082100000| Complete 
|  34|0x0000000082200000, 0x0000000082300000, 0x0000000082300000|100%|HC|  |TAMS 0x0000000082300000, 0x0000000082200000| Complete 
|  35|0x0000000082300000, 0x0000000082400000, 0x0000000082400000|100%|HC|  |TAMS 0x0000000082400000, 0x0000000082300000| Complete 
|  36|0x0000000082400000, 0x0000000082500000, 0x0000000082500000|100%| O|  |TAMS 0x0000000082500000, 0x0000000082400000| Untracked 
|  37|0x0000000082500000, 0x0000000082600000, 0x0000000082600000|100%| O|  |TAMS 0x0000000082600000, 0x0000000082500000| Complete 
|  38|0x0000000082600000, 0x0000000082700000, 0x0000000082700000|100%| O|  |TAMS 0x0000000082700000, 0x0000000082600000| Untracked 
|  39|0x0000000082700000, 0x0000000082700000, 0x0000000082800000|  0%| F|  |TAMS 0x0000000082700000, 0x0000000082700000| Untracked 
|  40|0x0000000082800000, 0x0000000082900000, 0x0000000082900000|100%| O|  |TAMS 0x0000000082900000, 0x0000000082800000| Untracked 
|  41|0x0000000082900000, 0x0000000082a00000, 0x0000000082a00000|100%| O|  |TAMS 0x0000000082a00000, 0x0000000082900000| Complete 
|  42|0x0000000082a00000, 0x0000000082b00000, 0x0000000082b00000|100%| O|  |TAMS 0x0000000082b00000, 0x0000000082a00000| Complete 
|  43|0x0000000082b00000, 0x0000000082c00000, 0x0000000082c00000|100%| O|  |TAMS 0x0000000082c00000, 0x0000000082b00000| Untracked 
|  44|0x0000000082c00000, 0x0000000082d00000, 0x0000000082d00000|100%| O|  |TAMS 0x0000000082d00000, 0x0000000082c00000| Complete 
|  45|0x0000000082d00000, 0x0000000082e00000, 0x0000000082e00000|100%| O|  |TAMS 0x0000000082e00000, 0x0000000082d00000| Complete 
|  46|0x0000000082e00000, 0x0000000082f00000, 0x0000000082f00000|100%| O|  |TAMS 0x0000000082f00000, 0x0000000082e00000| Untracked 
|  47|0x0000000082f00000, 0x0000000083000000, 0x0000000083000000|100%| O|  |TAMS 0x0000000083000000, 0x0000000082f00000| Untracked 
|  48|0x0000000083000000, 0x0000000083100000, 0x0000000083100000|100%| O|  |TAMS 0x0000000083100000, 0x0000000083000000| Complete 
|  49|0x0000000083100000, 0x0000000083200000, 0x0000000083200000|100%| O|  |TAMS 0x0000000083200000, 0x0000000083100000| Complete 
|  50|0x0000000083200000, 0x0000000083300000, 0x0000000083300000|100%| O|  |TAMS 0x0000000083300000, 0x0000000083200000| Complete 
|  51|0x0000000083300000, 0x0000000083300000, 0x0000000083400000|  0%| F|  |TAMS 0x0000000083300000, 0x0000000083300000| Untracked 
|  52|0x0000000083400000, 0x0000000083400000, 0x0000000083500000|  0%| F|  |TAMS 0x0000000083400000, 0x0000000083400000| Untracked 
|  53|0x0000000083500000, 0x0000000083600000, 0x0000000083600000|100%|HS|  |TAMS 0x0000000083600000, 0x0000000083500000| Complete 
|  54|0x0000000083600000, 0x0000000083700000, 0x0000000083700000|100%| O|  |TAMS 0x0000000083700000, 0x0000000083600000| Complete 
|  55|0x0000000083700000, 0x0000000083800000, 0x0000000083800000|100%| O|  |TAMS 0x0000000083800000, 0x0000000083700000| Complete 
|  56|0x0000000083800000, 0x0000000083900000, 0x0000000083900000|100%| O|  |TAMS 0x0000000083900000, 0x0000000083800000| Complete 
|  57|0x0000000083900000, 0x0000000083900000, 0x0000000083a00000|  0%| F|  |TAMS 0x0000000083900000, 0x0000000083900000| Untracked 
|  58|0x0000000083a00000, 0x0000000083b00000, 0x0000000083b00000|100%|HS|  |TAMS 0x0000000083b00000, 0x0000000083a00000| Complete 
|  59|0x0000000083b00000, 0x0000000083c00000, 0x0000000083c00000|100%| O|  |TAMS 0x0000000083c00000, 0x0000000083b00000| Complete 
|  60|0x0000000083c00000, 0x0000000083d00000, 0x0000000083d00000|100%| O|  |TAMS 0x0000000083d00000, 0x0000000083c00000| Untracked 
|  61|0x0000000083d00000, 0x0000000083e00000, 0x0000000083e00000|100%| O|  |TAMS 0x0000000083e00000, 0x0000000083d00000| Complete 
|  62|0x0000000083e00000, 0x0000000083f00000, 0x0000000083f00000|100%| O|  |TAMS 0x0000000083f00000, 0x0000000083e00000| Untracked 
|  63|0x0000000083f00000, 0x0000000084000000, 0x0000000084000000|100%| O|  |TAMS 0x0000000084000000, 0x0000000083f00000| Untracked 
|  64|0x0000000084000000, 0x0000000084100000, 0x0000000084100000|100%| O|  |TAMS 0x0000000084100000, 0x0000000084000000| Untracked 
|  65|0x0000000084100000, 0x0000000084200000, 0x0000000084200000|100%| O|  |TAMS 0x0000000084200000, 0x0000000084100000| Complete 
|  66|0x0000000084200000, 0x0000000084300000, 0x0000000084300000|100%| O|  |TAMS 0x0000000084300000, 0x0000000084200000| Untracked 
|  67|0x0000000084300000, 0x0000000084400000, 0x0000000084400000|100%| O|  |TAMS 0x0000000084400000, 0x0000000084300000| Complete 
|  68|0x0000000084400000, 0x0000000084500000, 0x0000000084500000|100%| O|  |TAMS 0x0000000084500000, 0x0000000084400000| Untracked 
|  69|0x0000000084500000, 0x0000000084600000, 0x0000000084600000|100%| O|  |TAMS 0x0000000084600000, 0x0000000084500000| Untracked 
|  70|0x0000000084600000, 0x0000000084700000, 0x0000000084700000|100%| O|  |TAMS 0x0000000084700000, 0x0000000084600000| Untracked 
|  71|0x0000000084700000, 0x0000000084800000, 0x0000000084800000|100%| O|  |TAMS 0x0000000084800000, 0x0000000084700000| Untracked 
|  72|0x0000000084800000, 0x0000000084900000, 0x0000000084900000|100%| O|  |TAMS 0x0000000084900000, 0x0000000084800000| Untracked 
|  73|0x0000000084900000, 0x0000000084a00000, 0x0000000084a00000|100%| O|  |TAMS 0x0000000084a00000, 0x0000000084900000| Untracked 
|  74|0x0000000084a00000, 0x0000000084b00000, 0x0000000084b00000|100%| O|  |TAMS 0x0000000084b00000, 0x0000000084a00000| Complete 
|  75|0x0000000084b00000, 0x0000000084c00000, 0x0000000084c00000|100%| O|  |TAMS 0x0000000084c00000, 0x0000000084b00000| Untracked 
|  76|0x0000000084c00000, 0x0000000084d00000, 0x0000000084d00000|100%| O|  |TAMS 0x0000000084d00000, 0x0000000084c00000| Untracked 
|  77|0x0000000084d00000, 0x0000000084d00000, 0x0000000084e00000|  0%| F|  |TAMS 0x0000000084d00000, 0x0000000084d00000| Untracked 
|  78|0x0000000084e00000, 0x0000000084f00000, 0x0000000084f00000|100%| O|  |TAMS 0x0000000084f00000, 0x0000000084e00000| Complete 
|  79|0x0000000084f00000, 0x0000000084f00000, 0x0000000085000000|  0%| F|  |TAMS 0x0000000084f00000, 0x0000000084f00000| Untracked 
|  80|0x0000000085000000, 0x0000000085000000, 0x0000000085100000|  0%| F|  |TAMS 0x0000000085000000, 0x0000000085000000| Untracked 
|  81|0x0000000085100000, 0x0000000085100000, 0x0000000085200000|  0%| F|  |TAMS 0x0000000085100000, 0x0000000085100000| Untracked 
|  82|0x0000000085200000, 0x0000000085300000, 0x0000000085300000|100%| O|  |TAMS 0x0000000085300000, 0x0000000085200000| Complete 
|  83|0x0000000085300000, 0x0000000085400000, 0x0000000085400000|100%| O|  |TAMS 0x0000000085400000, 0x0000000085300000| Complete 
|  84|0x0000000085400000, 0x0000000085400000, 0x0000000085500000|  0%| F|  |TAMS 0x0000000085400000, 0x0000000085400000| Untracked 
|  85|0x0000000085500000, 0x0000000085600000, 0x0000000085600000|100%| O|  |TAMS 0x0000000085600000, 0x0000000085500000| Untracked 
|  86|0x0000000085600000, 0x0000000085600000, 0x0000000085700000|  0%| F|  |TAMS 0x0000000085600000, 0x0000000085600000| Untracked 
|  87|0x0000000085700000, 0x0000000085700000, 0x0000000085800000|  0%| F|  |TAMS 0x0000000085700000, 0x0000000085700000| Untracked 
|  88|0x0000000085800000, 0x0000000085900000, 0x0000000085900000|100%| O|  |TAMS 0x000000008580ec08, 0x0000000085800000| Untracked 
|  89|0x0000000085900000, 0x0000000085a00000, 0x0000000085a00000|100%| O|  |TAMS 0x0000000085900000, 0x0000000085900000| Untracked 
|  90|0x0000000085a00000, 0x0000000085b00000, 0x0000000085b00000|100%| O|  |TAMS 0x0000000085a00000, 0x0000000085a00000| Untracked 
|  91|0x0000000085b00000, 0x0000000085c00000, 0x0000000085c00000|100%| O|  |TAMS 0x0000000085b00000, 0x0000000085b00000| Untracked 
|  92|0x0000000085c00000, 0x0000000085d00000, 0x0000000085d00000|100%| O|  |TAMS 0x0000000085c00000, 0x0000000085c00000| Untracked 
|  93|0x0000000085d00000, 0x0000000085e00000, 0x0000000085e00000|100%| O|  |TAMS 0x0000000085d00000, 0x0000000085d00000| Untracked 
|  94|0x0000000085e00000, 0x0000000085f00000, 0x0000000085f00000|100%| O|  |TAMS 0x0000000085e00000, 0x0000000085e00000| Untracked 
|  95|0x0000000085f00000, 0x0000000086000000, 0x0000000086000000|100%| O|  |TAMS 0x0000000085f00000, 0x0000000085f00000| Untracked 
|  96|0x0000000086000000, 0x0000000086100000, 0x0000000086100000|100%| O|  |TAMS 0x0000000086000000, 0x0000000086000000| Untracked 
|  97|0x0000000086100000, 0x0000000086174800, 0x0000000086200000| 45%| O|  |TAMS 0x0000000086100000, 0x0000000086100000| Untracked 
|  98|0x0000000086200000, 0x0000000086200000, 0x0000000086300000|  0%| F|  |TAMS 0x0000000086200000, 0x0000000086200000| Untracked 
|  99|0x0000000086300000, 0x0000000086300000, 0x0000000086400000|  0%| F|  |TAMS 0x0000000086300000, 0x0000000086300000| Untracked 
| 100|0x0000000086400000, 0x0000000086400000, 0x0000000086500000|  0%| F|  |TAMS 0x0000000086400000, 0x0000000086400000| Untracked 
| 101|0x0000000086500000, 0x0000000086500000, 0x0000000086600000|  0%| F|  |TAMS 0x0000000086500000, 0x0000000086500000| Untracked 
| 102|0x0000000086600000, 0x0000000086600000, 0x0000000086700000|  0%| F|  |TAMS 0x0000000086600000, 0x0000000086600000| Untracked 
| 103|0x0000000086700000, 0x0000000086700000, 0x0000000086800000|  0%| F|  |TAMS 0x0000000086700000, 0x0000000086700000| Untracked 
| 104|0x0000000086800000, 0x0000000086800000, 0x0000000086900000|  0%| F|  |TAMS 0x0000000086800000, 0x0000000086800000| Untracked 
| 105|0x0000000086900000, 0x0000000086900000, 0x0000000086a00000|  0%| F|  |TAMS 0x0000000086900000, 0x0000000086900000| Untracked 
| 106|0x0000000086a00000, 0x0000000086a00000, 0x0000000086b00000|  0%| F|  |TAMS 0x0000000086a00000, 0x0000000086a00000| Untracked 
| 107|0x0000000086b00000, 0x0000000086b00000, 0x0000000086c00000|  0%| F|  |TAMS 0x0000000086b00000, 0x0000000086b00000| Untracked 
| 108|0x0000000086c00000, 0x0000000086c00000, 0x0000000086d00000|  0%| F|  |TAMS 0x0000000086c00000, 0x0000000086c00000| Untracked 
| 109|0x0000000086d00000, 0x0000000086d00000, 0x0000000086e00000|  0%| F|  |TAMS 0x0000000086d00000, 0x0000000086d00000| Untracked 
| 110|0x0000000086e00000, 0x0000000086e00000, 0x0000000086f00000|  0%| F|  |TAMS 0x0000000086e00000, 0x0000000086e00000| Untracked 
| 111|0x0000000086f00000, 0x0000000086f00000, 0x0000000087000000|  0%| F|  |TAMS 0x0000000086f00000, 0x0000000086f00000| Untracked 
| 112|0x0000000087000000, 0x0000000087000000, 0x0000000087100000|  0%| F|  |TAMS 0x0000000087000000, 0x0000000087000000| Untracked 
| 113|0x0000000087100000, 0x0000000087100000, 0x0000000087200000|  0%| F|  |TAMS 0x0000000087100000, 0x0000000087100000| Untracked 
| 114|0x0000000087200000, 0x0000000087200000, 0x0000000087300000|  0%| F|  |TAMS 0x0000000087200000, 0x0000000087200000| Untracked 
| 115|0x0000000087300000, 0x000000008737d880, 0x0000000087400000| 49%| S|CS|TAMS 0x0000000087300000, 0x0000000087300000| Complete 
| 116|0x0000000087400000, 0x0000000087400000, 0x0000000087500000|  0%| F|  |TAMS 0x0000000087400000, 0x0000000087400000| Untracked 
| 117|0x0000000087500000, 0x00000000875434a0, 0x0000000087600000| 26%| E|  |TAMS 0x0000000087500000, 0x0000000087500000| Complete 
| 118|0x0000000087600000, 0x0000000087700000, 0x0000000087700000|100%| E|CS|TAMS 0x0000000087600000, 0x0000000087600000| Complete 
| 119|0x0000000087700000, 0x0000000087800000, 0x0000000087800000|100%| E|CS|TAMS 0x0000000087700000, 0x0000000087700000| Complete 

Card table byte_map: [0x000001ce8f400000,0x000001ce8f800000] _byte_map_base: 0x000001ce8f000000

Marking Bits (Prev, Next): (CMBitMap*) 0x000001cef6eb32d0, (CMBitMap*) 0x000001cef6eb3298
 Prev Bits: [0x000001ce91c00000, 0x000001ce93c00000)
 Next Bits: [0x000001ce8fc00000, 0x000001ce91c00000)

Polling page: 0x000001cef4d20000

Metaspace:

Usage:
  Non-class:     85.65 MB capacity,    83.95 MB ( 98%) used,     1.38 MB (  2%) free+waste,   327.63 KB ( <1%) overhead. 
      Class:     13.75 MB capacity,    12.62 MB ( 92%) used,  1004.00 KB (  7%) free+waste,   150.50 KB (  1%) overhead. 
       Both:     99.40 MB capacity,    96.58 MB ( 97%) used,     2.36 MB (  2%) free+waste,   478.13 KB ( <1%) overhead. 

Virtual space:
  Non-class space:       86.00 MB reserved,      85.76 MB (>99%) committed 
      Class space:      504.00 MB reserved,      13.88 MB (  3%) committed 
             Both:      590.00 MB reserved,      99.63 MB ( 17%) committed 

Chunk freelists:
   Non-Class:  3.00 KB
       Class:  0 bytes
        Both:  3.00 KB

MaxMetaspaceSize: 512.00 MB
CompressedClassSpaceSize: 504.00 MB
Initial GC threshold: 20.80 MB
Current GC threshold: 165.02 MB
CDS: off

CodeHeap 'non-profiled nmethods': size=119168Kb used=5550Kb max_used=5550Kb free=113617Kb
 bounds [0x000001ce87ba0000, 0x000001ce88110000, 0x000001ce8f000000]
CodeHeap 'profiled nmethods': size=119168Kb used=27649Kb max_used=27649Kb free=91518Kb
 bounds [0x000001ce80740000, 0x000001ce82250000, 0x000001ce87ba0000]
CodeHeap 'non-nmethods': size=7424Kb used=2960Kb max_used=4004Kb free=4463Kb
 bounds [0x000001ce80000000, 0x000001ce80400000, 0x000001ce80740000]
 total_blobs=12820 nmethods=11892 adapters=838
 compilation: enabled
              stopped_count=0, restarted_count=0
 full_count=0

Compilation events (20 events):
Event: 50.322 Thread 0x000001ce974f8000 12267       1       java.nio.channels.FileLock::position (5 bytes)
Event: 50.322 Thread 0x000001ce985b4000 12268       1       java.nio.channels.FileLock::size (5 bytes)
Event: 50.323 Thread 0x000001ce985b4000 nmethod 12268 0x000001ce8810a910 code [0x000001ce8810aac0, 0x000001ce8810ab78]
Event: 50.323 Thread 0x000001ce974f8000 nmethod 12267 0x000001ce8810ac10 code [0x000001ce8810adc0, 0x000001ce8810ae78]
Event: 50.337 Thread 0x000001ce985b4000 12269       3       java.util.concurrent.ConcurrentLinkedQueue::tryCasSuccessor (38 bytes)
Event: 50.339 Thread 0x000001ce985b4000 nmethod 12269 0x000001ce8223c590 code [0x000001ce8223c920, 0x000001ce8223de58]
Event: 50.359 Thread 0x000001ce974f8000 12270       3       java.lang.Class::getDeclaredMethod (63 bytes)
Event: 50.361 Thread 0x000001ce974f8000 nmethod 12270 0x000001ce8223e510 code [0x000001ce8223e7c0, 0x000001ce8223f2a8]
Event: 50.371 Thread 0x000001ce985b4000 12271       3       java.lang.Short::<init> (10 bytes)
Event: 50.371 Thread 0x000001ce985b4000 nmethod 12271 0x000001ce8223f690 code [0x000001ce8223f840, 0x000001ce8223f9f8]
Event: 50.380 Thread 0x000001ce974f8000 12273       1       java.io.ObjectStreamField::getName (5 bytes)
Event: 50.380 Thread 0x000001ce974f8000 nmethod 12273 0x000001ce8810af10 code [0x000001ce8810b0c0, 0x000001ce8810b178]
Event: 50.386 Thread 0x000001ce985b4000 12274       3       java.util.AbstractList$Itr::<init> (31 bytes)
Event: 50.387 Thread 0x000001ce985b4000 nmethod 12274 0x000001ce8223fb10 code [0x000001ce8223fcc0, 0x000001ce8223fe98]
Event: 50.387 Thread 0x000001ce974f8000 12275       3       java.io.ObjectOutputStream$HandleTable::hash (8 bytes)
Event: 50.387 Thread 0x000001ce974f8000 nmethod 12275 0x000001ce8223ff90 code [0x000001ce82240140, 0x000001ce82240268]
Event: 50.387 Thread 0x000001ce985b4000 12277       3       java.io.ObjectOutputStream$BlockDataOutputStream::setBlockDataMode (35 bytes)
Event: 50.387 Thread 0x000001ce974f8000 12278       1       java.io.ObjectStreamField::isUnshared (5 bytes)
Event: 50.387 Thread 0x000001ce985b4000 nmethod 12277 0x000001ce82240310 code [0x000001ce822404e0, 0x000001ce822406e8]
Event: 50.387 Thread 0x000001ce974f8000 nmethod 12278 0x000001ce8810b710 code [0x000001ce8810b8c0, 0x000001ce8810b978]

GC Heap History (20 events):
Event: 37.965 GC heap before
{Heap before GC invocations=35 (full 0):
 garbage-first heap   total 122880K, used 102055K [0x0000000080000000, 0x0000000100000000)
  region size 1024K, 25 young (25600K), 4 survivors (4096K)
 Metaspace       used 90757K, capacity 93236K, committed 93320K, reserved 598016K
  class space    used 11863K, capacity 12903K, committed 12928K, reserved 516096K
}
Event: 37.970 GC heap after
{Heap after GC invocations=36 (full 0):
 garbage-first heap   total 122880K, used 81972K [0x0000000080000000, 0x0000000100000000)
  region size 1024K, 3 young (3072K), 3 survivors (3072K)
 Metaspace       used 90757K, capacity 93236K, committed 93320K, reserved 598016K
  class space    used 11863K, capacity 12903K, committed 12928K, reserved 516096K
}
Event: 38.368 GC heap before
{Heap before GC invocations=36 (full 0):
 garbage-first heap   total 122880K, used 102452K [0x0000000080000000, 0x0000000100000000)
  region size 1024K, 23 young (23552K), 3 survivors (3072K)
 Metaspace       used 92005K, capacity 94611K, committed 94856K, reserved 598016K
  class space    used 12047K, capacity 13095K, committed 13184K, reserved 516096K
}
Event: 38.378 GC heap after
{Heap after GC invocations=37 (full 0):
 garbage-first heap   total 122880K, used 83593K [0x0000000080000000, 0x0000000100000000)
  region size 1024K, 3 young (3072K), 3 survivors (3072K)
 Metaspace       used 92005K, capacity 94611K, committed 94856K, reserved 598016K
  class space    used 12047K, capacity 13095K, committed 13184K, reserved 516096K
}
Event: 38.769 GC heap before
{Heap before GC invocations=38 (full 0):
 garbage-first heap   total 122880K, used 104073K [0x0000000080000000, 0x0000000100000000)
  region size 1024K, 23 young (23552K), 3 survivors (3072K)
 Metaspace       used 93105K, capacity 95732K, committed 96008K, reserved 600064K
  class space    used 12224K, capacity 13287K, committed 13312K, reserved 516096K
}
Event: 38.774 GC heap after
{Heap after GC invocations=39 (full 0):
 garbage-first heap   total 122880K, used 84771K [0x0000000080000000, 0x0000000100000000)
  region size 1024K, 2 young (2048K), 2 survivors (2048K)
 Metaspace       used 93105K, capacity 95732K, committed 96008K, reserved 600064K
  class space    used 12224K, capacity 13287K, committed 13312K, reserved 516096K
}
Event: 39.200 GC heap before
{Heap before GC invocations=39 (full 0):
 garbage-first heap   total 122880K, used 104227K [0x0000000080000000, 0x0000000100000000)
  region size 1024K, 21 young (21504K), 2 survivors (2048K)
 Metaspace       used 94330K, capacity 97016K, committed 97288K, reserved 600064K
  class space    used 12390K, capacity 13455K, committed 13568K, reserved 516096K
}
Event: 39.204 GC heap after
{Heap after GC invocations=40 (full 0):
 garbage-first heap   total 122880K, used 85644K [0x0000000080000000, 0x0000000100000000)
  region size 1024K, 3 young (3072K), 3 survivors (3072K)
 Metaspace       used 94330K, capacity 97016K, committed 97288K, reserved 600064K
  class space    used 12390K, capacity 13455K, committed 13568K, reserved 516096K
}
Event: 39.525 GC heap before
{Heap before GC invocations=41 (full 0):
 garbage-first heap   total 122880K, used 105100K [0x0000000080000000, 0x0000000100000000)
  region size 1024K, 22 young (22528K), 3 survivors (3072K)
 Metaspace       used 95498K, capacity 98207K, committed 98440K, reserved 602112K
  class space    used 12550K, capacity 13652K, committed 13696K, reserved 516096K
}
Event: 39.529 GC heap after
{Heap after GC invocations=42 (full 0):
 garbage-first heap   total 122880K, used 86974K [0x0000000080000000, 0x0000000100000000)
  region size 1024K, 3 young (3072K), 3 survivors (3072K)
 Metaspace       used 95498K, capacity 98207K, committed 98440K, reserved 602112K
  class space    used 12550K, capacity 13652K, committed 13696K, reserved 516096K
}
Event: 40.181 GC heap before
{Heap before GC invocations=42 (full 0):
 garbage-first heap   total 122880K, used 105406K [0x0000000080000000, 0x0000000100000000)
  region size 1024K, 21 young (21504K), 3 survivors (3072K)
 Metaspace       used 97033K, capacity 99706K, committed 99976K, reserved 604160K
  class space    used 12730K, capacity 13828K, committed 13952K, reserved 516096K
}
Event: 40.185 GC heap after
{Heap after GC invocations=43 (full 0):
 garbage-first heap   total 122880K, used 88268K [0x0000000080000000, 0x0000000100000000)
  region size 1024K, 3 young (3072K), 3 survivors (3072K)
 Metaspace       used 97033K, capacity 99706K, committed 99976K, reserved 604160K
  class space    used 12730K, capacity 13828K, committed 13952K, reserved 516096K
}
Event: 49.206 GC heap before
{Heap before GC invocations=44 (full 0):
 garbage-first heap   total 122880K, used 105676K [0x0000000080000000, 0x0000000100000000)
  region size 1024K, 20 young (20480K), 3 survivors (3072K)
 Metaspace       used 98012K, capacity 100847K, committed 101128K, reserved 604160K
  class space    used 12868K, capacity 14002K, committed 14080K, reserved 516096K
}
Event: 49.213 GC heap after
{Heap after GC invocations=45 (full 0):
 garbage-first heap   total 122880K, used 90127K [0x0000000080000000, 0x0000000100000000)
  region size 1024K, 3 young (3072K), 3 survivors (3072K)
 Metaspace       used 98012K, capacity 100847K, committed 101128K, reserved 604160K
  class space    used 12868K, capacity 14002K, committed 14080K, reserved 516096K
}
Event: 49.471 GC heap before
{Heap before GC invocations=45 (full 0):
 garbage-first heap   total 122880K, used 105487K [0x0000000080000000, 0x0000000100000000)
  region size 1024K, 18 young (18432K), 3 survivors (3072K)
 Metaspace       used 98257K, capacity 101067K, committed 101128K, reserved 604160K
  class space    used 12883K, capacity 14061K, committed 14080K, reserved 516096K
}
Event: 49.485 GC heap after
{Heap after GC invocations=46 (full 0):
 garbage-first heap   total 122880K, used 91627K [0x0000000080000000, 0x0000000100000000)
  region size 1024K, 2 young (2048K), 2 survivors (2048K)
 Metaspace       used 98257K, capacity 101067K, committed 101128K, reserved 604160K
  class space    used 12883K, capacity 14061K, committed 14080K, reserved 516096K
}
Event: 50.129 GC heap before
{Heap before GC invocations=47 (full 0):
 garbage-first heap   total 122880K, used 104939K [0x0000000080000000, 0x0000000100000000)
  region size 1024K, 15 young (15360K), 2 survivors (2048K)
 Metaspace       used 98488K, capacity 101311K, committed 101384K, reserved 604160K
  class space    used 12886K, capacity 14066K, committed 14080K, reserved 516096K
}
Event: 50.134 GC heap after
{Heap after GC invocations=48 (full 0):
 garbage-first heap   total 122880K, used 93530K [0x0000000080000000, 0x0000000100000000)
  region size 1024K, 2 young (2048K), 2 survivors (2048K)
 Metaspace       used 98488K, capacity 101311K, committed 101384K, reserved 604160K
  class space    used 12886K, capacity 14066K, committed 14080K, reserved 516096K
}
Event: 50.268 GC heap before
{Heap before GC invocations=48 (full 0):
 garbage-first heap   total 122880K, used 96602K [0x0000000080000000, 0x0000000100000000)
  region size 1024K, 6 young (6144K), 2 survivors (2048K)
 Metaspace       used 98564K, capacity 101452K, committed 101640K, reserved 604160K
  class space    used 12886K, capacity 14066K, committed 14080K, reserved 516096K
}
Event: 50.279 GC heap after
{Heap after GC invocations=49 (full 0):
 garbage-first heap   total 122880K, used 88008K [0x0000000080000000, 0x0000000100000000)
  region size 1024K, 1 young (1024K), 1 survivors (1024K)
 Metaspace       used 98564K, capacity 101452K, committed 101640K, reserved 604160K
  class space    used 12886K, capacity 14066K, committed 14080K, reserved 516096K
}

Deoptimization events (20 events):
Event: 50.300 Thread 0x000001ce9818c000 Uncommon trap: trap_request=0xffffff4d fr.pc=0x000001ce87e375a8 relative=0x0000000000000608
Event: 50.300 Thread 0x000001ce9818c000 Uncommon trap: reason=unstable_if action=reinterpret pc=0x000001ce87e375a8 method=java.util.regex.Matcher.search(I)Z @ 76 c2
Event: 50.300 Thread 0x000001ce9818c000 DEOPT PACKING pc=0x000001ce87e375a8 sp=0x0000001de6cfb900
Event: 50.300 Thread 0x000001ce9818c000 DEOPT UNPACKING pc=0x000001ce8004a1af sp=0x0000001de6cfb8e0 mode 2
Event: 50.386 Thread 0x000001ce9818c000 Uncommon trap: trap_request=0xffffffde fr.pc=0x000001ce87bc6ae4 relative=0x00000000000001c4
Event: 50.386 Thread 0x000001ce9818c000 Uncommon trap: reason=class_check action=maybe_recompile pc=0x000001ce87bc6ae4 method=java.lang.String.equals(Ljava/lang/Object;)Z @ 8 c2
Event: 50.386 Thread 0x000001ce9818c000 DEOPT PACKING pc=0x000001ce87bc6ae4 sp=0x0000001de6cfc6c0
Event: 50.386 Thread 0x000001ce9818c000 DEOPT UNPACKING pc=0x000001ce8004a1af sp=0x0000001de6cfc668 mode 2
Event: 50.386 Thread 0x000001ce9818c000 Uncommon trap: trap_request=0xffffffde fr.pc=0x000001ce87bc6ae4 relative=0x00000000000001c4
Event: 50.386 Thread 0x000001ce9818c000 Uncommon trap: reason=class_check action=maybe_recompile pc=0x000001ce87bc6ae4 method=java.lang.String.equals(Ljava/lang/Object;)Z @ 8 c2
Event: 50.386 Thread 0x000001ce9818c000 DEOPT PACKING pc=0x000001ce87bc6ae4 sp=0x0000001de6cfc6c0
Event: 50.386 Thread 0x000001ce9818c000 DEOPT UNPACKING pc=0x000001ce8004a1af sp=0x0000001de6cfc668 mode 2
Event: 50.386 Thread 0x000001ce9818c000 Uncommon trap: trap_request=0xffffffde fr.pc=0x000001ce87bc6ae4 relative=0x00000000000001c4
Event: 50.386 Thread 0x000001ce9818c000 Uncommon trap: reason=class_check action=maybe_recompile pc=0x000001ce87bc6ae4 method=java.lang.String.equals(Ljava/lang/Object;)Z @ 8 c2
Event: 50.386 Thread 0x000001ce9818c000 DEOPT PACKING pc=0x000001ce87bc6ae4 sp=0x0000001de6cfc6c0
Event: 50.386 Thread 0x000001ce9818c000 DEOPT UNPACKING pc=0x000001ce8004a1af sp=0x0000001de6cfc668 mode 2
Event: 50.386 Thread 0x000001ce9818c000 Uncommon trap: trap_request=0xffffffde fr.pc=0x000001ce87bc6ae4 relative=0x00000000000001c4
Event: 50.386 Thread 0x000001ce9818c000 Uncommon trap: reason=class_check action=maybe_recompile pc=0x000001ce87bc6ae4 method=java.lang.String.equals(Ljava/lang/Object;)Z @ 8 c2
Event: 50.386 Thread 0x000001ce9818c000 DEOPT PACKING pc=0x000001ce87bc6ae4 sp=0x0000001de6cfc6c0
Event: 50.386 Thread 0x000001ce9818c000 DEOPT UNPACKING pc=0x000001ce8004a1af sp=0x0000001de6cfc668 mode 2

Classes redefined (0 events):
No events

Internal exceptions (20 events):
Event: 36.965 Thread 0x000001ce9818c000 Exception <a 'java/lang/ClassNotFoundException'{0x00000000866305b0}: com/google/common/collect/ImmutableCollectionCustomizer> (0x00000000866305b0) thrown at [./src/hotspot/share/classfile/systemDictionary.cpp, line 230]
Event: 36.983 Thread 0x000001ce9818c000 Exception <a 'java/lang/ClassNotFoundException'{0x000000008668c1d8}: com/google/common/collect/ImmutableSetCustomizer> (0x000000008668c1d8) thrown at [./src/hotspot/share/classfile/systemDictionary.cpp, line 230]
Event: 36.984 Thread 0x000001ce9818c000 Exception <a 'java/lang/ClassNotFoundException'{0x00000000866bfc68}: com/google/common/collect/SingletonImmutableSetCustomizer> (0x00000000866bfc68) thrown at [./src/hotspot/share/classfile/systemDictionary.cpp, line 230]
Event: 38.010 Thread 0x000001ce9818c000 Exception <a 'java/lang/ClassNotFoundException'{0x0000000087452498}: com/android/build/gradle/internal/api/ApkVariantOutputImpl_DecoratedBeanInfo> (0x0000000087452498) thrown at [./src/hotspot/share/classfile/systemDictionary.cpp, line 230]
Event: 38.010 Thread 0x000001ce9818c000 Exception <a 'java/lang/ClassNotFoundException'{0x000000008746e690}: com/android/build/gradle/internal/api/ApkVariantOutputImplBeanInfo> (0x000000008746e690) thrown at [./src/hotspot/share/classfile/systemDictionary.cpp, line 230]
Event: 38.011 Thread 0x000001ce9818c000 Exception <a 'java/lang/ClassNotFoundException'{0x000000008748ae18}: com/android/build/gradle/internal/api/BaseVariantOutputImplBeanInfo> (0x000000008748ae18) thrown at [./src/hotspot/share/classfile/systemDictionary.cpp, line 230]
Event: 38.011 Thread 0x000001ce9818c000 Exception <a 'java/lang/ClassNotFoundException'{0x00000000874a78d0}: com/android/build/gradle/internal/api/BaseVariantOutputImplCustomizer> (0x00000000874a78d0) thrown at [./src/hotspot/share/classfile/systemDictionary.cpp, line 230]
Event: 38.012 Thread 0x000001ce9818c000 Exception <a 'java/lang/ClassNotFoundException'{0x00000000874d64a0}: com/android/build/gradle/internal/api/ApkVariantOutputImplCustomizer> (0x00000000874d64a0) thrown at [./src/hotspot/share/classfile/systemDictionary.cpp, line 230]
Event: 38.013 Thread 0x000001ce9818c000 Exception <a 'java/lang/ClassNotFoundException'{0x0000000087300c30}: com/android/build/gradle/internal/api/ApkVariantOutputImpl_DecoratedCustomizer> (0x0000000087300c30) thrown at [./src/hotspot/share/classfile/systemDictionary.cpp, line 230]
Event: 38.025 Thread 0x000001ce9818c000 Exception <a 'java/lang/NoClassDefFoundError'{0x00000000873e8d90}: org/jetbrains/kotlin/gradle/plugin/KotlinBasePluginWrapper> (0x00000000873e8d90) thrown at [./src/hotspot/share/classfile/systemDictionary.cpp, line 219]
Event: 38.242 Thread 0x000001ce9a8d6800 Exception <a 'java/lang/NoSuchMethodError'{0x00000000869bbff0}: 'void java.lang.invoke.DirectMethodHandle$Holder.invokeVirtual(java.lang.Object, java.lang.Object)'> (0x00000000869bbff0) thrown at [./src/hotspot/share/interpreter/linkResolver.cpp, line 773]
Event: 39.135 Thread 0x000001ce9a8d6800 Exception <a 'java/lang/NoSuchMethodError'{0x00000000867ae4c8}: 'java.lang.Object java.lang.invoke.DirectMethodHandle$Holder.invokeStatic(java.lang.Object, java.lang.Object, java.lang.Object, java.lang.Object, java.lang.Object, java.lang.Object, int)'> (0x00000000867ae4c8) thrown at [./src/hotspot/share/interpreter/linkResolver.cpp, line 773]
Event: 39.139 Thread 0x000001ce9a8d6800 Exception <a 'java/lang/NoSuchMethodError'{0x00000000867c5f70}: 'java.lang.Object java.lang.invoke.DirectMethodHandle$Holder.invokeStatic(java.lang.Object, java.lang.Object, java.lang.Object, java.lang.Object, java.lang.Object, java.lang.Object, int, int)'> (0x00000000867c5f70) thrown at [./src/hotspot/share/interpreter/linkResolver.cpp, line 773]
Event: 39.143 Thread 0x000001ce9a8d6800 Exception <a 'java/lang/NoSuchMethodError'{0x00000000867dea70}: 'java.lang.Object java.lang.invoke.DirectMethodHandle$Holder.invokeStatic(java.lang.Object, java.lang.Object, java.lang.Object, java.lang.Object, java.lang.Object, java.lang.Object, int, int, java.lang.Object)'> (0x00000000867dea70) thrown at [./src/hotspot/share/interpreter/linkResolver.cpp, line 773]
Event: 39.923 Thread 0x000001ce9a8d6800 Exception <a 'java/lang/NoSuchMethodError'{0x0000000086d12588}: 'int java.lang.invoke.DirectMethodHandle$Holder.invokeStatic(java.lang.Object, int, int, java.lang.Object)'> (0x0000000086d12588) thrown at [./src/hotspot/share/interpreter/linkResolver.cpp, line 773]
Event: 50.154 Thread 0x000001ce9b638000 Exception <a 'sun/nio/fs/WindowsException'{0x0000000087764090}> (0x0000000087764090) thrown at [./src/hotspot/share/prims/jni.cpp, line 617]
Event: 50.155 Thread 0x000001ce9b638000 Exception <a 'sun/nio/fs/WindowsException'{0x00000000877667a8}> (0x00000000877667a8) thrown at [./src/hotspot/share/prims/jni.cpp, line 617]
Event: 50.156 Thread 0x000001ce9b638000 Exception <a 'sun/nio/fs/WindowsException'{0x0000000087769038}> (0x0000000087769038) thrown at [./src/hotspot/share/prims/jni.cpp, line 617]
Event: 50.156 Thread 0x000001ce9b638000 Exception <a 'sun/nio/fs/WindowsException'{0x000000008776b320}> (0x000000008776b320) thrown at [./src/hotspot/share/prims/jni.cpp, line 617]
Event: 50.266 Thread 0x000001ce9818c000 Exception <a 'java/lang/OutOfMemoryError'{0x000000008740bf80}: unable to create native thread: possibly out of memory or process/resource limits reached> (0x000000008740bf80) thrown at [./src/hotspot/share/prims/jvm.cpp, line 2924]

Events (20 events):
Event: 50.367 loading class org/gradle/internal/serialize/ExceptionPlaceholder$2 done
Event: 50.368 loading class org/gradle/tooling/internal/provider/serialization/DefaultPayloadClassLoaderRegistry$ClassLoaderSpecVisitor
Event: 50.368 loading class org/gradle/tooling/internal/provider/serialization/DefaultPayloadClassLoaderRegistry$ClassLoaderSpecVisitor done
Event: 50.369 loading class com/google/common/cache/LocalCache$SoftValueReference
Event: 50.369 loading class com/google/common/cache/LocalCache$SoftValueReference done
Event: 50.370 loading class java/lang/Short$ShortCache
Event: 50.370 loading class java/lang/Short$ShortCache done
Event: 50.371 loading class java/io/ObjectStreamClass$ClassDataSlot
Event: 50.371 loading class java/io/ObjectStreamClass$ClassDataSlot done
Event: 50.371 loading class java/io/SerialCallbackContext
Event: 50.371 loading class java/io/SerialCallbackContext done
Event: 50.374 loading class org/gradle/internal/serialize/NestedExceptionPlaceholder
Event: 50.374 loading class org/gradle/internal/serialize/NestedExceptionPlaceholder done
Event: 50.375 loading class org/gradle/internal/serialize/NestedExceptionPlaceholder$Kind
Event: 50.375 loading class org/gradle/internal/serialize/NestedExceptionPlaceholder$Kind done
Event: 50.377 loading class java/io/ObjectStreamClass$ExceptionInfo
Event: 50.378 loading class java/io/ObjectStreamClass$ExceptionInfo done
Event: 50.382 Executing VM operation: BulkRevokeBias
Event: 50.386 Executing VM operation: BulkRevokeBias done
Event: 50.387 Executing VM operation: BulkRevokeBias


Dynamic libraries:
0x00007ff651b20000 - 0x00007ff651b2d000 	C:\Program Files\OpenJDK\openjdk-11.0.15_10\bin\java.exe
0x00007ffb7c330000 - 0x00007ffb7c528000 	C:\Windows\SYSTEM32\ntdll.dll
0x00007ffb7acd0000 - 0x00007ffb7ad8f000 	C:\Windows\System32\KERNEL32.DLL
0x00007ffb7a090000 - 0x00007ffb7a386000 	C:\Windows\System32\KERNELBASE.dll
0x00007ffb79a40000 - 0x00007ffb79b40000 	C:\Windows\System32\ucrtbase.dll
0x00007ffb5d410000 - 0x00007ffb5d428000 	C:\Program Files\OpenJDK\openjdk-11.0.15_10\bin\jli.dll
0x00007ffb5d5f0000 - 0x00007ffb5d606000 	C:\Program Files\OpenJDK\openjdk-11.0.15_10\bin\VCRUNTIME140.dll
0x00007ffb7b480000 - 0x00007ffb7b61d000 	C:\Windows\System32\USER32.dll
0x00007ffb79fd0000 - 0x00007ffb79ff2000 	C:\Windows\System32\win32u.dll
0x00007ffb6a300000 - 0x00007ffb6a59a000 	C:\Windows\WinSxS\amd64_microsoft.windows.common-controls_6595b64144ccf1df_6.0.19041.1110_none_60b5254171f9507e\COMCTL32.dll
0x00007ffb7bb70000 - 0x00007ffb7bb9c000 	C:\Windows\System32\GDI32.dll
0x00007ffb7aed0000 - 0x00007ffb7af6e000 	C:\Windows\System32\msvcrt.dll
0x00007ffb79d10000 - 0x00007ffb79e25000 	C:\Windows\System32\gdi32full.dll
0x00007ffb79e80000 - 0x00007ffb79f1d000 	C:\Windows\System32\msvcp_win.dll
0x00007ffb7a740000 - 0x00007ffb7a770000 	C:\Windows\System32\IMM32.DLL
0x00007ffb52ba0000 - 0x00007ffb52c4a000 	C:\Program Files\OpenJDK\openjdk-11.0.15_10\bin\msvcp140.dll
0x00007ffb2a980000 - 0x00007ffb2b4d1000 	C:\Program Files\OpenJDK\openjdk-11.0.15_10\bin\server\jvm.dll
0x00007ffb7b010000 - 0x00007ffb7b0bf000 	C:\Windows\System32\ADVAPI32.dll
0x00007ffb7af70000 - 0x00007ffb7b00c000 	C:\Windows\System32\sechost.dll
0x00007ffb7a570000 - 0x00007ffb7a696000 	C:\Windows\System32\RPCRT4.dll
0x00007ffb7a730000 - 0x00007ffb7a738000 	C:\Windows\System32\PSAPI.DLL
0x00007ffb6bc20000 - 0x00007ffb6bc47000 	C:\Windows\SYSTEM32\WINMM.dll
0x00007ffb5dbc0000 - 0x00007ffb5dbc9000 	C:\Windows\SYSTEM32\WSOCK32.dll
0x00007ffb71830000 - 0x00007ffb7183a000 	C:\Windows\SYSTEM32\VERSION.dll
0x00007ffb7ad90000 - 0x00007ffb7adfb000 	C:\Windows\System32\WS2_32.dll
0x00007ffb78250000 - 0x00007ffb78262000 	C:\Windows\SYSTEM32\kernel.appcore.dll
0x00007ffb5ce00000 - 0x00007ffb5ce11000 	C:\Program Files\OpenJDK\openjdk-11.0.15_10\bin\verify.dll
0x00007ffb77690000 - 0x00007ffb77874000 	C:\Windows\SYSTEM32\DBGHELP.DLL
0x00007ffb705c0000 - 0x00007ffb705f4000 	C:\Windows\SYSTEM32\dbgcore.DLL
0x00007ffb7a000000 - 0x00007ffb7a082000 	C:\Windows\System32\bcryptPrimitives.dll
0x00007ffb5bc50000 - 0x00007ffb5bc79000 	C:\Program Files\OpenJDK\openjdk-11.0.15_10\bin\java.dll
0x00007ffb62b00000 - 0x00007ffb62b0a000 	C:\Program Files\OpenJDK\openjdk-11.0.15_10\bin\jimage.dll
0x00007ffb5ccf0000 - 0x00007ffb5cd08000 	C:\Program Files\OpenJDK\openjdk-11.0.15_10\bin\zip.dll
0x00007ffb7bba0000 - 0x00007ffb7c2e4000 	C:\Windows\System32\SHELL32.dll
0x00007ffb77aa0000 - 0x00007ffb78234000 	C:\Windows\SYSTEM32\windows.storage.dll
0x00007ffb7b0c0000 - 0x00007ffb7b414000 	C:\Windows\System32\combase.dll
0x00007ffb79450000 - 0x00007ffb7947e000 	C:\Windows\SYSTEM32\Wldp.dll
0x00007ffb7baa0000 - 0x00007ffb7bb4d000 	C:\Windows\System32\SHCORE.dll
0x00007ffb7b420000 - 0x00007ffb7b475000 	C:\Windows\System32\shlwapi.dll
0x00007ffb79940000 - 0x00007ffb79965000 	C:\Windows\SYSTEM32\profapi.dll
0x00007ffb5bbe0000 - 0x00007ffb5bbf9000 	C:\Program Files\OpenJDK\openjdk-11.0.15_10\bin\net.dll
0x00007ffb74660000 - 0x00007ffb7476a000 	C:\Windows\SYSTEM32\WINHTTP.dll
0x00007ffb791b0000 - 0x00007ffb7921a000 	C:\Windows\system32\mswsock.dll
0x00007ffb5bad0000 - 0x00007ffb5bae3000 	C:\Program Files\OpenJDK\openjdk-11.0.15_10\bin\nio.dll
0x00007ffb5af10000 - 0x00007ffb5af37000 	C:\Users\Abel\.gradle\native\68d5fa5c4cc2d200863cafc0d521ce42e7d3e7ee720ec0a83991735586a16f82\windows-amd64\native-platform.dll
0x00007ffb51e20000 - 0x00007ffb51f64000 	C:\Users\Abel\.gradle\native\e376f236ea51e6404a007f0833ffe2c6e607c4080706a723a18a27aeea778392\windows-amd64\native-platform-file-events.dll
0x00007ffb62680000 - 0x00007ffb62689000 	C:\Program Files\OpenJDK\openjdk-11.0.15_10\bin\management.dll
0x00007ffb61fa0000 - 0x00007ffb61fac000 	C:\Program Files\OpenJDK\openjdk-11.0.15_10\bin\management_ext.dll
0x00007ffb793a0000 - 0x00007ffb793b8000 	C:\Windows\SYSTEM32\CRYPTSP.dll
0x00007ffb78a60000 - 0x00007ffb78a94000 	C:\Windows\system32\rsaenh.dll
0x00007ffb79a10000 - 0x00007ffb79a37000 	C:\Windows\System32\bcrypt.dll
0x00007ffb798c0000 - 0x00007ffb798ee000 	C:\Windows\SYSTEM32\USERENV.dll
0x00007ffb793c0000 - 0x00007ffb793cc000 	C:\Windows\SYSTEM32\CRYPTBASE.dll
0x00007ffb78e50000 - 0x00007ffb78e8c000 	C:\Windows\SYSTEM32\IPHLPAPI.DLL
0x00007ffb7b620000 - 0x00007ffb7b628000 	C:\Windows\System32\NSI.dll
0x00007ffb71a80000 - 0x00007ffb71a97000 	C:\Windows\SYSTEM32\dhcpcsvc6.DLL
0x00007ffb71fa0000 - 0x00007ffb71fbd000 	C:\Windows\SYSTEM32\dhcpcsvc.DLL
0x00007ffb78e90000 - 0x00007ffb78f5a000 	C:\Windows\SYSTEM32\DNSAPI.dll

dbghelp: loaded successfully - version: 4.0.5 - missing functions: none
symbol engine: initialized successfully - sym options: 0x614 - pdb path: .;C:\Program Files\OpenJDK\openjdk-11.0.15_10\bin;C:\Windows\SYSTEM32;C:\Windows\WinSxS\amd64_microsoft.windows.common-controls_6595b64144ccf1df_6.0.19041.1110_none_60b5254171f9507e;C:\Program Files\OpenJDK\openjdk-11.0.15_10\bin\server;C:\Users\Abel\.gradle\native\68d5fa5c4cc2d200863cafc0d521ce42e7d3e7ee720ec0a83991735586a16f82\windows-amd64;C:\Users\Abel\.gradle\native\e376f236ea51e6404a007f0833ffe2c6e607c4080706a723a18a27aeea778392\windows-amd64

VM Arguments:
jvm_args: -XX:MaxMetaspaceSize=512m --add-opens=java.base/java.util=ALL-UNNAMED --add-opens=java.base/java.lang=ALL-UNNAMED --add-opens=java.base/java.lang.invoke=ALL-UNNAMED --add-opens=java.prefs/java.util.prefs=ALL-UNNAMED --add-opens=java.base/java.nio.charset=ALL-UNNAMED --add-opens=java.base/java.net=ALL-UNNAMED --add-opens=java.base/java.util.concurrent.atomic=ALL-UNNAMED -Xmx2048m -Dfile.encoding=windows-1252 -Duser.country=PH -Duser.language=en -Duser.variant 
java_command: org.gradle.launcher.daemon.bootstrap.GradleDaemon 8.0.1
java_class_path (initial): C:\Users\Abel\.gradle\wrapper\dists\gradle-8.0.1-all\aro4hu1c3oeioove7l0i4i14o\gradle-8.0.1\lib\gradle-launcher-8.0.1.jar
Launcher Type: SUN_STANDARD

[Global flags]
     intx CICompilerCount                          = 12                                        {product} {ergonomic}
   size_t CompressedClassSpaceSize                 = 528482304                                 {product} {ergonomic}
     uint ConcGCThreads                            = 3                                         {product} {ergonomic}
     uint G1ConcRefinementThreads                  = 13                                        {product} {ergonomic}
   size_t G1HeapRegionSize                         = 1048576                                   {product} {ergonomic}
    uintx GCDrainStackTargetSize                   = 64                                        {product} {ergonomic}
   size_t InitialHeapSize                          = 125829120                                 {product} {ergonomic}
   size_t MarkStackSize                            = 4194304                                   {product} {ergonomic}
   size_t MaxHeapSize                              = 2147483648                                {product} {command line}
   size_t MaxMetaspaceSize                         = 536870912                                 {product} {command line}
   size_t MaxNewSize                               = 1287651328                                {product} {ergonomic}
   size_t MinHeapDeltaBytes                        = 1048576                                   {product} {ergonomic}
    uintx NonNMethodCodeHeapSize                   = 7594288                                {pd product} {ergonomic}
    uintx NonProfiledCodeHeapSize                  = 122031976                              {pd product} {ergonomic}
    uintx ProfiledCodeHeapSize                     = 122031976                              {pd product} {ergonomic}
    uintx ReservedCodeCacheSize                    = 251658240                              {pd product} {ergonomic}
     bool SegmentedCodeCache                       = true                                      {product} {ergonomic}
     bool UseCompressedClassPointers               = true                                 {lp64_product} {ergonomic}
     bool UseCompressedOops                        = true                                 {lp64_product} {ergonomic}
     bool UseG1GC                                  = true                                      {product} {ergonomic}
     bool UseLargePagesIndividualAllocation        = false                                  {pd product} {ergonomic}

Logging:
Log output configuration:
 #0: stdout all=warning uptime,level,tags
 #1: stderr all=off uptime,level,tags

Environment Variables:
JAVA_HOME=C:\Program Files\OpenJDK\openjdk-11.0.15_10
CLASSPATH=C:\Users\Abel\Desktop\krich\krich_app\android\\gradle\wrapper\gradle-wrapper.jar
PATH=C:\Users\Abel\Desktop\krich\krich_app\node_modules\.bin;C:\Users\Abel\Desktop\krich\node_modules\.bin;C:\Users\Abel\Desktop\node_modules\.bin;C:\Users\Abel\node_modules\.bin;C:\Users\node_modules\.bin;C:\node_modules\.bin;C:\Program Files\nodejs\node_modules\npm\node_modules\@npmcli\run-script\lib\node-gyp-bin;C:\Windows\system32;C:\Windows;C:\Windows\System32\Wbem;C:\Windows\System32\WindowsPowerShell\v1.0\;C:\Windows\System32\OpenSSH\;C:\xampp\php;C:\ProgramData\ComposerSetup\bin;C:\Program Files\Git\cmd;C:\ProgramData\chocolatey\bin;C:\Program Files\OpenJDK\openjdk-11.0.15_10\bin;C:\Program Files\OpenJDK\openjdk-11.0.15_10\bin;C:\Program Files\nodejs\;C:\Program Files\MySQL\MySQL Shell 8.0\bin\;C:\Users\Abel\AppData\Local\Microsoft\WindowsApps;C:\Users\Abel\AppData\Local\Programs\Microsoft VS Code\bin;C:\Users\Abel\AppData\Roaming\Composer\vendor\bin;C:\platform-tools;C:\Program Files\OpenSSL-Win64\bin;C:\Users\Abel\AppData\Local\GitHubDesktop\bin;C:\Users\Abel\AppData\Roaming\npm;C:\Users\Abel\Desktop\krich\krich_app\node_modules\.bin
USERNAME=Abel
LANG=en_US.UTF-8
OS=Windows_NT
PROCESSOR_IDENTIFIER=AMD64 Family 23 Model 104 Stepping 1, AuthenticAMD



---------------  S Y S T E M  ---------------

OS: Windows 10 , 64 bit Build 19041 (10.0.19041.3155)
OS uptime: 19 days 1:01 hours

CPU:total 16 (initial active 16) (16 cores per cpu, 2 threads per core) family 23 model 104 stepping 1 microcode 0x0, cmov, cx8, fxsr, mmx, sse, sse2, sse3, ssse3, sse4.1, sse4.2, popcnt, avx, avx2, aes, clmul, mmxext, 3dnowpref, lzcnt, sse4a, ht, tsc, tscinvbit, tscinv, bmi1, bmi2, adx, sha, fma

Memory: 4k page, system-wide physical 7563M (212M free)
TotalPageFile size 31115M (AvailPageFile size 0M)
current process WorkingSet (physical memory assigned to process): 371M, peak: 376M
current process commit charge ("private bytes"): 440M, peak: 447M

vm_info: OpenJDK 64-Bit Server VM (11.0.15+10) for windows-amd64 JRE (11.0.15+10), built on Apr 21 2022 21:29:46 by "tester" with MS VC++ 15.5 (VS2017)

END.
